0 verbose cli /usr/local/bin/node /usr/local/bin/npm
1 info using npm@10.9.3
2 info using node@v22.19.0
3 silly config load:file:/usr/local/lib/node_modules/npm/npmrc
4 silly config load:file:/Users/bytedance/code/pc_web/career_word/.npmrc
5 silly config load:file:/Users/bytedance/.npmrc
6 silly config load:file:/usr/local/etc/npmrc
7 verbose title npm install @iconify/react clsx tailwind-merge
8 verbose argv "install" "@iconify/react" "clsx" "tailwind-merge"
9 verbose logfile logs-max:10 dir:/Users/bytedance/code/pc_web/career_word/.npm-cache/_logs/2026-01-25T15_01_19_874Z-
10 verbose logfile /Users/bytedance/code/pc_web/career_word/.npm-cache/_logs/2026-01-25T15_01_19_874Z-debug-0.log
11 silly logfile done cleaning log files
12 silly packumentCache heap:4345298944 maxSize:1086324736 maxEntrySize:543162368
13 silly idealTree buildDeps
14 silly fetch manifest @iconify/react@*
15 silly packumentCache full:https://bnpm.byted.org/@iconify%2freact cache-miss
16 http fetch GET 200 https://bnpm.byted.org/@iconify%2freact 808ms (cache miss)
17 silly packumentCache full:https://bnpm.byted.org/@iconify%2freact set size:70814 disposed:false
18 silly fetch manifest react@^18
19 silly packumentCache full:https://bnpm.byted.org/react cache-miss
20 http cache https://bnpm.byted.org/react 12ms (cache hit)
21 silly packumentCache full:https://bnpm.byted.org/react set size:6399310 disposed:false
22 silly fetch manifest clsx@*
23 silly packumentCache full:https://bnpm.byted.org/clsx cache-miss
24 http fetch GET 200 https://bnpm.byted.org/clsx 184ms (cache miss)
25 silly packumentCache full:https://bnpm.byted.org/clsx set size:14477 disposed:false
26 silly fetch manifest tailwind-merge@*
27 silly packumentCache full:https://bnpm.byted.org/tailwind-merge cache-miss
28 http fetch GET 200 https://bnpm.byted.org/tailwind-merge 2034ms (cache miss)
29 silly packumentCache full:https://bnpm.byted.org/tailwind-merge set size:1409815 disposed:false
30 silly placeDep ROOT @iconify/react@6.0.2 OK for: biz-english@0.1.0 want: *
31 silly placeDep ROOT clsx@2.1.1 OK for: biz-english@0.1.0 want: *
32 silly placeDep ROOT tailwind-merge@3.4.0 OK for: biz-english@0.1.0 want: *
33 silly fetch manifest @iconify/types@^2.0.0
34 silly packumentCache full:https://bnpm.byted.org/@iconify%2ftypes cache-miss
35 http fetch GET 200 https://bnpm.byted.org/@iconify%2ftypes 133ms (cache miss)
36 silly packumentCache full:https://bnpm.byted.org/@iconify%2ftypes set size:28146 disposed:false
37 silly placeDep ROOT @iconify/types@2.0.0 OK for: @iconify/react@6.0.2 want: ^2.0.0
38 silly reify moves {}
39 silly audit bulk request {
39 silly audit   '@alloc/quick-lru': [ '5.2.0' ],
39 silly audit   '@emnapi/core': [ '1.8.1' ],
39 silly audit   '@emnapi/runtime': [ '1.8.1' ],
39 silly audit   '@emnapi/wasi-threads': [ '1.1.0' ],
39 silly audit   '@eslint-community/eslint-utils': [ '4.9.1' ],
39 silly audit   '@eslint-community/regexpp': [ '4.12.2' ],
39 silly audit   '@eslint/eslintrc': [ '2.1.4' ],
39 silly audit   '@eslint/js': [ '8.57.1' ],
39 silly audit   '@humanwhocodes/config-array': [ '0.13.0' ],
39 silly audit   '@humanwhocodes/module-importer': [ '1.0.1' ],
39 silly audit   '@humanwhocodes/object-schema': [ '2.0.3' ],
39 silly audit   '@isaacs/cliui': [ '8.0.2' ],
39 silly audit   'ansi-regex': [ '6.2.2', '5.0.1' ],
39 silly audit   'strip-ansi': [ '7.1.2', '6.0.1' ],
39 silly audit   '@jridgewell/gen-mapping': [ '0.3.13' ],
39 silly audit   '@jridgewell/resolve-uri': [ '3.1.2' ],
39 silly audit   '@jridgewell/sourcemap-codec': [ '1.5.5' ],
39 silly audit   '@jridgewell/trace-mapping': [ '0.3.31' ],
39 silly audit   '@napi-rs/wasm-runtime': [ '0.2.12' ],
39 silly audit   '@next/env': [ '14.2.35' ],
39 silly audit   '@next/eslint-plugin-next': [ '14.2.35' ],
39 silly audit   '@next/swc-darwin-arm64': [ '14.2.33' ],
39 silly audit   '@next/swc-darwin-x64': [ '14.2.33' ],
39 silly audit   '@next/swc-linux-arm64-gnu': [ '14.2.33' ],
39 silly audit   '@next/swc-linux-arm64-musl': [ '14.2.33' ],
39 silly audit   '@next/swc-linux-x64-gnu': [ '14.2.33' ],
39 silly audit   '@next/swc-linux-x64-musl': [ '14.2.33' ],
39 silly audit   '@next/swc-win32-arm64-msvc': [ '14.2.33' ],
39 silly audit   '@next/swc-win32-ia32-msvc': [ '14.2.33' ],
39 silly audit   '@next/swc-win32-x64-msvc': [ '14.2.33' ],
39 silly audit   '@nodelib/fs.scandir': [ '2.1.5' ],
39 silly audit   '@nodelib/fs.stat': [ '2.0.5' ],
39 silly audit   '@nodelib/fs.walk': [ '1.2.8' ],
39 silly audit   '@nolyfill/is-core-module': [ '1.0.39' ],
39 silly audit   '@pkgjs/parseargs': [ '0.11.0' ],
39 silly audit   '@rtsao/scc': [ '1.1.0' ],
39 silly audit   '@rushstack/eslint-patch': [ '1.15.0' ],
39 silly audit   '@swc/counter': [ '0.1.3' ],
39 silly audit   '@swc/helpers': [ '0.5.5' ],
39 silly audit   '@tybys/wasm-util': [ '0.10.1' ],
39 silly audit   '@types/json5': [ '0.0.29' ],
39 silly audit   '@types/node': [ '20.19.30' ],
39 silly audit   '@types/prop-types': [ '15.7.15' ],
39 silly audit   '@types/react': [ '18.3.27' ],
39 silly audit   '@types/react-dom': [ '18.3.7' ],
39 silly audit   '@typescript-eslint/eslint-plugin': [ '8.53.1' ],
39 silly audit   ignore: [ '7.0.5', '5.3.2' ],
39 silly audit   '@typescript-eslint/parser': [ '8.53.1' ],
39 silly audit   '@typescript-eslint/project-service': [ '8.53.1' ],
39 silly audit   '@typescript-eslint/scope-manager': [ '8.53.1' ],
39 silly audit   '@typescript-eslint/tsconfig-utils': [ '8.53.1' ],
39 silly audit   '@typescript-eslint/type-utils': [ '8.53.1' ],
39 silly audit   '@typescript-eslint/types': [ '8.53.1' ],
39 silly audit   '@typescript-eslint/typescript-estree': [ '8.53.1' ],
39 silly audit   'brace-expansion': [ '2.0.2', '1.1.12' ],
39 silly audit   minimatch: [ '9.0.5', '3.1.2' ],
39 silly audit   '@typescript-eslint/utils': [ '8.53.1' ],
39 silly audit   '@typescript-eslint/visitor-keys': [ '8.53.1' ],
39 silly audit   'eslint-visitor-keys': [ '4.2.1', '3.4.3' ],
39 silly audit   '@ungap/structured-clone': [ '1.3.0' ],
39 silly audit   '@unrs/resolver-binding-android-arm-eabi': [ '1.11.1' ],
39 silly audit   '@unrs/resolver-binding-android-arm64': [ '1.11.1' ],
39 silly audit   '@unrs/resolver-binding-darwin-arm64': [ '1.11.1' ],
39 silly audit   '@unrs/resolver-binding-darwin-x64': [ '1.11.1' ],
39 silly audit   '@unrs/resolver-binding-freebsd-x64': [ '1.11.1' ],
39 silly audit   '@unrs/resolver-binding-linux-arm-gnueabihf': [ '1.11.1' ],
39 silly audit   '@unrs/resolver-binding-linux-arm-musleabihf': [ '1.11.1' ],
39 silly audit   '@unrs/resolver-binding-linux-arm64-gnu': [ '1.11.1' ],
39 silly audit   '@unrs/resolver-binding-linux-arm64-musl': [ '1.11.1' ],
39 silly audit   '@unrs/resolver-binding-linux-ppc64-gnu': [ '1.11.1' ],
39 silly audit   '@unrs/resolver-binding-linux-riscv64-gnu': [ '1.11.1' ],
39 silly audit   '@unrs/resolver-binding-linux-riscv64-musl': [ '1.11.1' ],
39 silly audit   '@unrs/resolver-binding-linux-s390x-gnu': [ '1.11.1' ],
39 silly audit   '@unrs/resolver-binding-linux-x64-gnu': [ '1.11.1' ],
39 silly audit   '@unrs/resolver-binding-linux-x64-musl': [ '1.11.1' ],
39 silly audit   '@unrs/resolver-binding-wasm32-wasi': [ '1.11.1' ],
39 silly audit   '@unrs/resolver-binding-win32-arm64-msvc': [ '1.11.1' ],
39 silly audit   '@unrs/resolver-binding-win32-ia32-msvc': [ '1.11.1' ],
39 silly audit   '@unrs/resolver-binding-win32-x64-msvc': [ '1.11.1' ],
39 silly audit   acorn: [ '8.15.0' ],
39 silly audit   'acorn-jsx': [ '5.3.2' ],
39 silly audit   ajv: [ '6.12.6' ],
39 silly audit   'ansi-styles': [ '4.3.0', '6.2.3' ],
39 silly audit   'any-promise': [ '1.3.0' ],
39 silly audit   anymatch: [ '3.1.3' ],
39 silly audit   arg: [ '5.0.2' ],
39 silly audit   argparse: [ '2.0.1' ],
39 silly audit   'aria-query': [ '5.3.2' ],
39 silly audit   'array-buffer-byte-length': [ '1.0.2' ],
39 silly audit   'array-includes': [ '3.1.9' ],
39 silly audit   'array.prototype.findlast': [ '1.2.5' ],
39 silly audit   'array.prototype.findlastindex': [ '1.2.6' ],
39 silly audit   'array.prototype.flat': [ '1.3.3' ],
39 silly audit   'array.prototype.flatmap': [ '1.3.3' ],
39 silly audit   'array.prototype.tosorted': [ '1.1.4' ],
39 silly audit   'arraybuffer.prototype.slice': [ '1.0.4' ],
39 silly audit   'ast-types-flow': [ '0.0.8' ],
39 silly audit   'async-function': [ '1.0.0' ],
39 silly audit   'available-typed-arrays': [ '1.0.7' ],
39 silly audit   'axe-core': [ '4.11.1' ],
39 silly audit   'axobject-query': [ '4.1.0' ],
39 silly audit   'balanced-match': [ '1.0.2' ],
39 silly audit   'binary-extensions': [ '2.3.0' ],
39 silly audit   braces: [ '3.0.3' ],
39 silly audit   busboy: [ '1.6.0' ],
39 silly audit   'call-bind': [ '1.0.8' ],
39 silly audit   'call-bind-apply-helpers': [ '1.0.2' ],
39 silly audit   'call-bound': [ '1.0.4' ],
39 silly audit   callsites: [ '3.1.0' ],
39 silly audit   'camelcase-css': [ '2.0.1' ],
39 silly audit   'caniuse-lite': [ '1.0.30001765' ],
39 silly audit   chalk: [ '4.1.2' ],
39 silly audit   chokidar: [ '3.6.0' ],
39 silly audit   'glob-parent': [ '5.1.2', '6.0.2' ],
39 silly audit   'client-only': [ '0.0.1' ],
39 silly audit   'color-convert': [ '2.0.1' ],
39 silly audit   'color-name': [ '1.1.4' ],
39 silly audit   commander: [ '4.1.1' ],
39 silly audit   'concat-map': [ '0.0.1' ],
39 silly audit   'cross-spawn': [ '7.0.6' ],
39 silly audit   cssesc: [ '3.0.0' ],
39 silly audit   csstype: [ '3.2.3' ],
39 silly audit   'damerau-levenshtein': [ '1.0.8' ],
39 silly audit   'data-view-buffer': [ '1.0.2' ],
39 silly audit   'data-view-byte-length': [ '1.0.2' ],
39 silly audit   'data-view-byte-offset': [ '1.0.1' ],
39 silly audit   debug: [ '4.4.3', '3.2.7' ],
39 silly audit   'deep-is': [ '0.1.4' ],
39 silly audit   'define-data-property': [ '1.1.4' ],
39 silly audit   'define-properties': [ '1.2.1' ],
39 silly audit   didyoumean: [ '1.2.2' ],
39 silly audit   dlv: [ '1.1.3' ],
39 silly audit   doctrine: [ '3.0.0', '2.1.0' ],
39 silly audit   'dunder-proto': [ '1.0.1' ],
39 silly audit   eastasianwidth: [ '0.2.0' ],
39 silly audit   'emoji-regex': [ '9.2.2', '8.0.0' ],
39 silly audit   'es-abstract': [ '1.24.1' ],
39 silly audit   'es-define-property': [ '1.0.1' ],
39 silly audit   'es-errors': [ '1.3.0' ],
39 silly audit   'es-iterator-helpers': [ '1.2.2' ],
39 silly audit   'es-object-atoms': [ '1.1.1' ],
39 silly audit   'es-set-tostringtag': [ '2.1.0' ],
39 silly audit   'es-shim-unscopables': [ '1.1.0' ],
39 silly audit   'es-to-primitive': [ '1.3.0' ],
39 silly audit   'escape-string-regexp': [ '4.0.0' ],
39 silly audit   eslint: [ '8.57.1' ],
39 silly audit   'eslint-config-next': [ '14.2.35' ],
39 silly audit   'eslint-import-resolver-node': [ '0.3.9' ],
39 silly audit   'eslint-import-resolver-typescript': [ '3.10.1' ],
39 silly audit   'eslint-module-utils': [ '2.12.1' ],
39 silly audit   'eslint-plugin-import': [ '2.32.0' ],
39 silly audit   semver: [ '6.3.1', '7.7.3' ],
39 silly audit   'eslint-plugin-jsx-a11y': [ '6.10.2' ],
39 silly audit   'eslint-plugin-react': [ '7.37.5' ],
39 silly audit   'eslint-plugin-react-hooks': [ '5.0.0-canary-7118f5dd7-20230705' ],
39 silly audit   resolve: [ '2.0.0-next.5', '1.22.11' ],
39 silly audit   'eslint-scope': [ '7.2.2' ],
39 silly audit   espree: [ '9.6.1' ],
39 silly audit   esquery: [ '1.7.0' ],
39 silly audit   esrecurse: [ '4.3.0' ],
39 silly audit   estraverse: [ '5.3.0' ],
39 silly audit   esutils: [ '2.0.3' ],
39 silly audit   'fast-deep-equal': [ '3.1.3' ],
39 silly audit   'fast-glob': [ '3.3.3' ],
39 silly audit   'fast-json-stable-stringify': [ '2.1.0' ],
39 silly audit   'fast-levenshtein': [ '2.0.6' ],
39 silly audit   fastq: [ '1.20.1' ],
39 silly audit   'file-entry-cache': [ '6.0.1' ],
39 silly audit   'fill-range': [ '7.1.1' ],
39 silly audit   'find-up': [ '5.0.0' ],
39 silly audit   'flat-cache': [ '3.2.0' ],
39 silly audit   flatted: [ '3.3.3' ],
39 silly audit   'for-each': [ '0.3.5' ],
39 silly audit   'foreground-child': [ '3.3.1' ],
39 silly audit   'fs.realpath': [ '1.0.0' ],
39 silly audit   fsevents: [ '2.3.3' ],
39 silly audit   'function-bind': [ '1.1.2' ],
39 silly audit   'function.prototype.name': [ '1.1.8' ],
39 silly audit   'functions-have-names': [ '1.2.3' ],
39 silly audit   'generator-function': [ '2.0.1' ],
39 silly audit   'get-intrinsic': [ '1.3.0' ],
39 silly audit   'get-proto': [ '1.0.1' ],
39 silly audit   'get-symbol-description': [ '1.1.0' ],
39 silly audit   'get-tsconfig': [ '4.13.0' ],
39 silly audit   glob: [ '10.3.10', '7.2.3' ],
39 silly audit   globals: [ '13.24.0' ],
39 silly audit   globalthis: [ '1.0.4' ],
39 silly audit   gopd: [ '1.2.0' ],
39 silly audit   'graceful-fs': [ '4.2.11' ],
39 silly audit   graphemer: [ '1.4.0' ],
39 silly audit   'has-bigints': [ '1.1.0' ],
39 silly audit   'has-flag': [ '4.0.0' ],
39 silly audit   'has-property-descriptors': [ '1.0.2' ],
39 silly audit   'has-proto': [ '1.2.0' ],
39 silly audit   'has-symbols': [ '1.1.0' ],
39 silly audit   'has-tostringtag': [ '1.0.2' ],
39 silly audit   hasown: [ '2.0.2' ],
39 silly audit   'import-fresh': [ '3.3.1' ],
39 silly audit   imurmurhash: [ '0.1.4' ],
39 silly audit   inflight: [ '1.0.6' ],
39 silly audit   inherits: [ '2.0.4' ],
39 silly audit   'internal-slot': [ '1.1.0' ],
39 silly audit   'is-array-buffer': [ '3.0.5' ],
39 silly audit   'is-async-function': [ '2.1.1' ],
39 silly audit   'is-bigint': [ '1.1.0' ],
39 silly audit   'is-binary-path': [ '2.1.0' ],
39 silly audit   'is-boolean-object': [ '1.2.2' ],
39 silly audit   'is-bun-module': [ '2.0.0' ],
39 silly audit   'is-callable': [ '1.2.7' ],
39 silly audit   'is-core-module': [ '2.16.1' ],
39 silly audit   'is-data-view': [ '1.0.2' ],
39 silly audit   'is-date-object': [ '1.1.0' ],
39 silly audit   'is-extglob': [ '2.1.1' ],
39 silly audit   'is-finalizationregistry': [ '1.1.1' ],
39 silly audit   'is-fullwidth-code-point': [ '3.0.0' ],
39 silly audit   'is-generator-function': [ '1.1.2' ],
39 silly audit   'is-glob': [ '4.0.3' ],
39 silly audit   'is-map': [ '2.0.3' ],
39 silly audit   'is-negative-zero': [ '2.0.3' ],
39 silly audit   'is-number': [ '7.0.0' ],
39 silly audit   'is-number-object': [ '1.1.1' ],
39 silly audit   'is-path-inside': [ '3.0.3' ],
39 silly audit   'is-regex': [ '1.2.1' ],
39 silly audit   'is-set': [ '2.0.3' ],
39 silly audit   'is-shared-array-buffer': [ '1.0.4' ],
39 silly audit   'is-string': [ '1.1.1' ],
39 silly audit   'is-symbol': [ '1.1.1' ],
39 silly audit   'is-typed-array': [ '1.1.15' ],
39 silly audit   'is-weakmap': [ '2.0.2' ],
39 silly audit   'is-weakref': [ '1.1.1' ],
39 silly audit   'is-weakset': [ '2.0.4' ],
39 silly audit   isarray: [ '2.0.5' ],
39 silly audit   isexe: [ '2.0.0' ],
39 silly audit   'iterator.prototype': [ '1.1.5' ],
39 silly audit   jackspeak: [ '2.3.6' ],
39 silly audit   jiti: [ '1.21.7' ],
39 silly audit   'js-tokens': [ '4.0.0' ],
39 silly audit   'js-yaml': [ '4.1.1' ],
39 silly audit   'json-buffer': [ '3.0.1' ],
39 silly audit   'json-schema-traverse': [ '0.4.1' ],
39 silly audit   'json-stable-stringify-without-jsonify': [ '1.0.1' ],
39 silly audit   json5: [ '1.0.2' ],
39 silly audit   'jsx-ast-utils': [ '3.3.5' ],
39 silly audit   keyv: [ '4.5.4' ],
39 silly audit   'language-subtag-registry': [ '0.3.23' ],
39 silly audit   'language-tags': [ '1.0.9' ],
39 silly audit   levn: [ '0.4.1' ],
39 silly audit   lilconfig: [ '3.1.3' ],
39 silly audit   'lines-and-columns': [ '1.2.4' ],
39 silly audit   'locate-path': [ '6.0.0' ],
39 silly audit   'lodash.merge': [ '4.6.2' ],
39 silly audit   'loose-envify': [ '1.4.0' ],
39 silly audit   'lru-cache': [ '10.4.3' ],
39 silly audit   'math-intrinsics': [ '1.1.0' ],
39 silly audit   merge2: [ '1.4.1' ],
39 silly audit   micromatch: [ '4.0.8' ],
39 silly audit   minimist: [ '1.2.8' ],
39 silly audit   minipass: [ '7.1.2' ],
39 silly audit   ms: [ '2.1.3' ],
39 silly audit   mz: [ '2.7.0' ],
39 silly audit   nanoid: [ '3.3.11' ],
39 silly audit   'napi-postinstall': [ '0.3.4' ],
39 silly audit   'natural-compare': [ '1.4.0' ],
39 silly audit   next: [ '14.2.35' ],
39 silly audit   postcss: [ '8.4.31', '8.5.6' ],
39 silly audit   'normalize-path': [ '3.0.0' ],
39 silly audit   'object-assign': [ '4.1.1' ],
39 silly audit   'object-hash': [ '3.0.0' ],
39 silly audit   'object-inspect': [ '1.13.4' ],
39 silly audit   'object-keys': [ '1.1.1' ],
39 silly audit   'object.assign': [ '4.1.7' ],
39 silly audit   'object.entries': [ '1.1.9' ],
39 silly audit   'object.fromentries': [ '2.0.8' ],
39 silly audit   'object.groupby': [ '1.0.3' ],
39 silly audit   'object.values': [ '1.2.1' ],
39 silly audit   once: [ '1.4.0' ],
39 silly audit   optionator: [ '0.9.4' ],
39 silly audit   'own-keys': [ '1.0.1' ],
39 silly audit   'p-limit': [ '3.1.0' ],
39 silly audit   'p-locate': [ '5.0.0' ],
39 silly audit   'parent-module': [ '1.0.1' ],
39 silly audit   'path-exists': [ '4.0.0' ],
39 silly audit   'path-is-absolute': [ '1.0.1' ],
39 silly audit   'path-key': [ '3.1.1' ],
39 silly audit   'path-parse': [ '1.0.7' ],
39 silly audit   'path-scurry': [ '1.11.1' ],
39 silly audit   picocolors: [ '1.1.1' ],
39 silly audit   picomatch: [ '2.3.1', '4.0.3' ],
39 silly audit   pify: [ '2.3.0' ],
39 silly audit   pirates: [ '4.0.7' ],
39 silly audit   'possible-typed-array-names': [ '1.1.0' ],
39 silly audit   'postcss-import': [ '15.1.0' ],
39 silly audit   'postcss-js': [ '4.1.0' ],
39 silly audit   'postcss-load-config': [ '6.0.1' ],
39 silly audit   'postcss-nested': [ '6.2.0' ],
39 silly audit   'postcss-selector-parser': [ '6.1.2' ],
39 silly audit   'postcss-value-parser': [ '4.2.0' ],
39 silly audit   'prelude-ls': [ '1.2.1' ],
39 silly audit   'prop-types': [ '15.8.1' ],
39 silly audit   punycode: [ '2.3.1' ],
39 silly audit   'queue-microtask': [ '1.2.3' ],
39 silly audit   react: [ '18.3.1' ],
39 silly audit   'react-dom': [ '18.3.1' ],
39 silly audit   'react-is': [ '16.13.1' ],
39 silly audit   'read-cache': [ '1.0.0' ],
39 silly audit   readdirp: [ '3.6.0' ],
39 silly audit   'reflect.getprototypeof': [ '1.0.10' ],
39 silly audit   'regexp.prototype.flags': [ '1.5.4' ],
39 silly audit   'resolve-from': [ '4.0.0' ],
39 silly audit   'resolve-pkg-maps': [ '1.0.0' ],
39 silly audit   reusify: [ '1.1.0' ],
39 silly audit   rimraf: [ '3.0.2' ],
39 silly audit   'run-parallel': [ '1.2.0' ],
39 silly audit   'safe-array-concat': [ '1.1.3' ],
39 silly audit   'safe-push-apply': [ '1.0.0' ],
39 silly audit   'safe-regex-test': [ '1.1.0' ],
39 silly audit   scheduler: [ '0.23.2' ],
39 silly audit   'set-function-length': [ '1.2.2' ],
39 silly audit   'set-function-name': [ '2.0.2' ],
39 silly audit   'set-proto': [ '1.0.0' ],
39 silly audit   'shebang-command': [ '2.0.0' ],
39 silly audit   'shebang-regex': [ '3.0.0' ],
39 silly audit   'side-channel': [ '1.1.0' ],
39 silly audit   'side-channel-list': [ '1.0.0' ],
39 silly audit   'side-channel-map': [ '1.0.1' ],
39 silly audit   'side-channel-weakmap': [ '1.0.2' ],
39 silly audit   'signal-exit': [ '4.1.0' ],
39 silly audit   'source-map-js': [ '1.2.1' ],
39 silly audit   'stable-hash': [ '0.0.5' ],
39 silly audit   'stop-iteration-iterator': [ '1.1.0' ],
39 silly audit   streamsearch: [ '1.1.0' ],
39 silly audit   'string-width': [ '5.1.2', '4.2.3' ],
39 silly audit   'string.prototype.includes': [ '2.0.1' ],
39 silly audit   'string.prototype.matchall': [ '4.0.12' ],
39 silly audit   'string.prototype.repeat': [ '1.0.0' ],
39 silly audit   'string.prototype.trim': [ '1.2.10' ],
39 silly audit   'string.prototype.trimend': [ '1.0.9' ],
39 silly audit   'string.prototype.trimstart': [ '1.0.8' ],
39 silly audit   'strip-bom': [ '3.0.0' ],
39 silly audit   'strip-json-comments': [ '3.1.1' ],
39 silly audit   'styled-jsx': [ '5.1.1' ],
39 silly audit   sucrase: [ '3.35.1' ],
39 silly audit   'supports-color': [ '7.2.0' ],
39 silly audit   'supports-preserve-symlinks-flag': [ '1.0.0' ],
39 silly audit   tailwindcss: [ '3.4.19' ],
39 silly audit   'text-table': [ '0.2.0' ],
39 silly audit   thenify: [ '3.3.1' ],
39 silly audit   'thenify-all': [ '1.6.0' ],
39 silly audit   tinyglobby: [ '0.2.15' ],
39 silly audit   fdir: [ '6.5.0' ],
39 silly audit   'to-regex-range': [ '5.0.1' ],
39 silly audit   'ts-api-utils': [ '2.4.0' ],
39 silly audit   'ts-interface-checker': [ '0.1.13' ],
39 silly audit   'tsconfig-paths': [ '3.15.0' ],
39 silly audit   tslib: [ '2.8.1' ],
39 silly audit   'type-check': [ '0.4.0' ],
39 silly audit   'type-fest': [ '0.20.2' ],
39 silly audit   'typed-array-buffer': [ '1.0.3' ],
39 silly audit   'typed-array-byte-length': [ '1.0.3' ],
39 silly audit   'typed-array-byte-offset': [ '1.0.4' ],
39 silly audit   'typed-array-length': [ '1.0.7' ],
39 silly audit   typescript: [ '5.9.3' ],
39 silly audit   'unbox-primitive': [ '1.1.0' ],
39 silly audit   'undici-types': [ '6.21.0' ],
39 silly audit   'unrs-resolver': [ '1.11.1' ],
39 silly audit   'uri-js': [ '4.4.1' ],
39 silly audit   'util-deprecate': [ '1.0.2' ],
39 silly audit   which: [ '2.0.2' ],
39 silly audit   'which-boxed-primitive': [ '1.1.1' ],
39 silly audit   'which-builtin-type': [ '1.2.1' ],
39 silly audit   'which-collection': [ '1.0.2' ],
39 silly audit   'which-typed-array': [ '1.1.20' ],
39 silly audit   'word-wrap': [ '1.2.5' ],
39 silly audit   'wrap-ansi': [ '8.1.0', '7.0.0' ],
39 silly audit   wrappy: [ '1.0.2' ],
39 silly audit   'yocto-queue': [ '0.1.0' ],
39 silly audit   '@iconify/react': [ '6.0.2' ],
39 silly audit   clsx: [ '2.1.1' ],
39 silly audit   'tailwind-merge': [ '3.4.0' ],
39 silly audit   '@iconify/types': [ '2.0.0' ]
39 silly audit }
40 verbose reify failed optional dependency /Users/bytedance/code/pc_web/career_word/node_modules/@unrs/resolver-binding-win32-x64-msvc
41 silly reify mark deleted [
41 silly reify   '/Users/bytedance/code/pc_web/career_word/node_modules/@unrs/resolver-binding-win32-x64-msvc'
41 silly reify ]
42 verbose reify failed optional dependency /Users/bytedance/code/pc_web/career_word/node_modules/@unrs/resolver-binding-win32-ia32-msvc
43 silly reify mark deleted [
43 silly reify   '/Users/bytedance/code/pc_web/career_word/node_modules/@unrs/resolver-binding-win32-ia32-msvc'
43 silly reify ]
44 verbose reify failed optional dependency /Users/bytedance/code/pc_web/career_word/node_modules/@unrs/resolver-binding-win32-arm64-msvc
45 silly reify mark deleted [
45 silly reify   '/Users/bytedance/code/pc_web/career_word/node_modules/@unrs/resolver-binding-win32-arm64-msvc'
45 silly reify ]
46 verbose reify failed optional dependency /Users/bytedance/code/pc_web/career_word/node_modules/@unrs/resolver-binding-wasm32-wasi
47 silly reify mark deleted [
47 silly reify   '/Users/bytedance/code/pc_web/career_word/node_modules/@unrs/resolver-binding-wasm32-wasi'
47 silly reify ]
48 verbose reify failed optional dependency /Users/bytedance/code/pc_web/career_word/node_modules/@napi-rs/wasm-runtime
49 silly reify mark deleted [
49 silly reify   '/Users/bytedance/code/pc_web/career_word/node_modules/@napi-rs/wasm-runtime'
49 silly reify ]
50 verbose reify failed optional dependency /Users/bytedance/code/pc_web/career_word/node_modules/@emnapi/core
51 silly reify mark deleted [
51 silly reify   '/Users/bytedance/code/pc_web/career_word/node_modules/@emnapi/core'
51 silly reify ]
52 verbose reify failed optional dependency /Users/bytedance/code/pc_web/career_word/node_modules/@emnapi/runtime
53 silly reify mark deleted [
53 silly reify   '/Users/bytedance/code/pc_web/career_word/node_modules/@emnapi/runtime'
53 silly reify ]
54 verbose reify failed optional dependency /Users/bytedance/code/pc_web/career_word/node_modules/@tybys/wasm-util
55 silly reify mark deleted [
55 silly reify   '/Users/bytedance/code/pc_web/career_word/node_modules/@tybys/wasm-util'
55 silly reify ]
56 verbose reify failed optional dependency /Users/bytedance/code/pc_web/career_word/node_modules/@emnapi/wasi-threads
57 silly reify mark deleted [
57 silly reify   '/Users/bytedance/code/pc_web/career_word/node_modules/@emnapi/wasi-threads'
57 silly reify ]
58 verbose reify failed optional dependency /Users/bytedance/code/pc_web/career_word/node_modules/@unrs/resolver-binding-linux-x64-musl
59 silly reify mark deleted [
59 silly reify   '/Users/bytedance/code/pc_web/career_word/node_modules/@unrs/resolver-binding-linux-x64-musl'
59 silly reify ]
60 verbose reify failed optional dependency /Users/bytedance/code/pc_web/career_word/node_modules/@unrs/resolver-binding-linux-x64-gnu
61 silly reify mark deleted [
61 silly reify   '/Users/bytedance/code/pc_web/career_word/node_modules/@unrs/resolver-binding-linux-x64-gnu'
61 silly reify ]
62 verbose reify failed optional dependency /Users/bytedance/code/pc_web/career_word/node_modules/@unrs/resolver-binding-linux-s390x-gnu
63 silly reify mark deleted [
63 silly reify   '/Users/bytedance/code/pc_web/career_word/node_modules/@unrs/resolver-binding-linux-s390x-gnu'
63 silly reify ]
64 verbose reify failed optional dependency /Users/bytedance/code/pc_web/career_word/node_modules/@unrs/resolver-binding-linux-riscv64-musl
65 silly reify mark deleted [
65 silly reify   '/Users/bytedance/code/pc_web/career_word/node_modules/@unrs/resolver-binding-linux-riscv64-musl'
65 silly reify ]
66 verbose reify failed optional dependency /Users/bytedance/code/pc_web/career_word/node_modules/@unrs/resolver-binding-linux-riscv64-gnu
67 silly reify mark deleted [
67 silly reify   '/Users/bytedance/code/pc_web/career_word/node_modules/@unrs/resolver-binding-linux-riscv64-gnu'
67 silly reify ]
68 verbose reify failed optional dependency /Users/bytedance/code/pc_web/career_word/node_modules/@unrs/resolver-binding-linux-ppc64-gnu
69 silly reify mark deleted [
69 silly reify   '/Users/bytedance/code/pc_web/career_word/node_modules/@unrs/resolver-binding-linux-ppc64-gnu'
69 silly reify ]
70 verbose reify failed optional dependency /Users/bytedance/code/pc_web/career_word/node_modules/@unrs/resolver-binding-linux-arm64-musl
71 silly reify mark deleted [
71 silly reify   '/Users/bytedance/code/pc_web/career_word/node_modules/@unrs/resolver-binding-linux-arm64-musl'
71 silly reify ]
72 verbose reify failed optional dependency /Users/bytedance/code/pc_web/career_word/node_modules/@unrs/resolver-binding-linux-arm64-gnu
73 silly reify mark deleted [
73 silly reify   '/Users/bytedance/code/pc_web/career_word/node_modules/@unrs/resolver-binding-linux-arm64-gnu'
73 silly reify ]
74 verbose reify failed optional dependency /Users/bytedance/code/pc_web/career_word/node_modules/@unrs/resolver-binding-linux-arm-musleabihf
75 silly reify mark deleted [
75 silly reify   '/Users/bytedance/code/pc_web/career_word/node_modules/@unrs/resolver-binding-linux-arm-musleabihf'
75 silly reify ]
76 verbose reify failed optional dependency /Users/bytedance/code/pc_web/career_word/node_modules/@unrs/resolver-binding-linux-arm-gnueabihf
77 silly reify mark deleted [
77 silly reify   '/Users/bytedance/code/pc_web/career_word/node_modules/@unrs/resolver-binding-linux-arm-gnueabihf'
77 silly reify ]
78 verbose reify failed optional dependency /Users/bytedance/code/pc_web/career_word/node_modules/@unrs/resolver-binding-freebsd-x64
79 silly reify mark deleted [
79 silly reify   '/Users/bytedance/code/pc_web/career_word/node_modules/@unrs/resolver-binding-freebsd-x64'
79 silly reify ]
80 verbose reify failed optional dependency /Users/bytedance/code/pc_web/career_word/node_modules/@unrs/resolver-binding-darwin-x64
81 silly reify mark deleted [
81 silly reify   '/Users/bytedance/code/pc_web/career_word/node_modules/@unrs/resolver-binding-darwin-x64'
81 silly reify ]
82 verbose reify failed optional dependency /Users/bytedance/code/pc_web/career_word/node_modules/@unrs/resolver-binding-android-arm64
83 silly reify mark deleted [
83 silly reify   '/Users/bytedance/code/pc_web/career_word/node_modules/@unrs/resolver-binding-android-arm64'
83 silly reify ]
84 verbose reify failed optional dependency /Users/bytedance/code/pc_web/career_word/node_modules/@unrs/resolver-binding-android-arm-eabi
85 silly reify mark deleted [
85 silly reify   '/Users/bytedance/code/pc_web/career_word/node_modules/@unrs/resolver-binding-android-arm-eabi'
85 silly reify ]
86 verbose reify failed optional dependency /Users/bytedance/code/pc_web/career_word/node_modules/@next/swc-win32-x64-msvc
87 silly reify mark deleted [
87 silly reify   '/Users/bytedance/code/pc_web/career_word/node_modules/@next/swc-win32-x64-msvc'
87 silly reify ]
88 verbose reify failed optional dependency /Users/bytedance/code/pc_web/career_word/node_modules/@next/swc-win32-ia32-msvc
89 silly reify mark deleted [
89 silly reify   '/Users/bytedance/code/pc_web/career_word/node_modules/@next/swc-win32-ia32-msvc'
89 silly reify ]
90 verbose reify failed optional dependency /Users/bytedance/code/pc_web/career_word/node_modules/@next/swc-win32-arm64-msvc
91 silly reify mark deleted [
91 silly reify   '/Users/bytedance/code/pc_web/career_word/node_modules/@next/swc-win32-arm64-msvc'
91 silly reify ]
92 verbose reify failed optional dependency /Users/bytedance/code/pc_web/career_word/node_modules/@next/swc-linux-x64-musl
93 silly reify mark deleted [
93 silly reify   '/Users/bytedance/code/pc_web/career_word/node_modules/@next/swc-linux-x64-musl'
93 silly reify ]
94 verbose reify failed optional dependency /Users/bytedance/code/pc_web/career_word/node_modules/@next/swc-linux-x64-gnu
95 silly reify mark deleted [
95 silly reify   '/Users/bytedance/code/pc_web/career_word/node_modules/@next/swc-linux-x64-gnu'
95 silly reify ]
96 verbose reify failed optional dependency /Users/bytedance/code/pc_web/career_word/node_modules/@next/swc-linux-arm64-musl
97 silly reify mark deleted [
97 silly reify   '/Users/bytedance/code/pc_web/career_word/node_modules/@next/swc-linux-arm64-musl'
97 silly reify ]
98 verbose reify failed optional dependency /Users/bytedance/code/pc_web/career_word/node_modules/@next/swc-linux-arm64-gnu
99 silly reify mark deleted [
99 silly reify   '/Users/bytedance/code/pc_web/career_word/node_modules/@next/swc-linux-arm64-gnu'
99 silly reify ]
100 verbose reify failed optional dependency /Users/bytedance/code/pc_web/career_word/node_modules/@next/swc-darwin-x64
101 silly reify mark deleted [
101 silly reify   '/Users/bytedance/code/pc_web/career_word/node_modules/@next/swc-darwin-x64'
101 silly reify ]
102 http cache tailwind-merge@https://bnpm.byted.org/tailwind-merge/-/tailwind-merge-3.4.0.tgz 0ms (cache hit)
103 http cache @iconify/types@https://bnpm.byted.org/@iconify/types/-/types-2.0.0.tgz 0ms (cache hit)
104 http cache @iconify/react@https://bnpm.byted.org/@iconify/react/-/react-6.0.2.tgz 0ms (cache hit)
105 http cache clsx@https://bnpm.byted.org/clsx/-/clsx-2.1.1.tgz 0ms (cache hit)
106 http cache @tybys/wasm-util@https://bnpm.byted.org/@tybys/wasm-util/-/wasm-util-0.10.1.tgz 0ms (cache hit)
107 http cache fsevents@https://bnpm.byted.org/fsevents/-/fsevents-2.3.3.tgz 0ms (cache hit)
108 http cache @napi-rs/wasm-runtime@https://bnpm.byted.org/@napi-rs/wasm-runtime/-/wasm-runtime-0.2.12.tgz 0ms (cache hit)
109 silly tarball no local data for tailwind-merge@https://bnpm.byted.org/tailwind-merge/-/tailwind-merge-3.4.0.tgz. Extracting by manifest.
110 silly tarball no local data for @iconify/types@https://bnpm.byted.org/@iconify/types/-/types-2.0.0.tgz. Extracting by manifest.
111 silly tarball no local data for @iconify/react@https://bnpm.byted.org/@iconify/react/-/react-6.0.2.tgz. Extracting by manifest.
112 silly tarball no local data for clsx@https://bnpm.byted.org/clsx/-/clsx-2.1.1.tgz. Extracting by manifest.
113 http cache @emnapi/wasi-threads@https://bnpm.byted.org/@emnapi/wasi-threads/-/wasi-threads-1.1.0.tgz 0ms (cache hit)
114 http cache @emnapi/runtime@https://bnpm.byted.org/@emnapi/runtime/-/runtime-1.8.1.tgz 0ms (cache hit)
115 http cache @emnapi/core@https://bnpm.byted.org/@emnapi/core/-/core-1.8.1.tgz 0ms (cache hit)
116 http fetch POST 200 https://bnpm.byted.org/-/npm/v1/security/advisories/bulk 143ms
117 silly audit report {
117 silly audit report   ms: [
117 silly audit report     {
117 silly audit report       id: 46,
117 silly audit report       url: '',
117 silly audit report       title: 'Regular Expression Denial of Service',
117 silly audit report       severity: 'moderate',
117 silly audit report       vulnerable_versions: '<=0.7.0'
117 silly audit report     }
117 silly audit report   ],
117 silly audit report   'brace-expansion': [
117 silly audit report     {
117 silly audit report       id: 338,
117 silly audit report       url: '',
117 silly audit report       title: 'ReDoS',
117 silly audit report       severity: 'moderate',
117 silly audit report       vulnerable_versions: '<=1.1.6'
117 silly audit report     }
117 silly audit report   ],
117 silly audit report   'react-dom': [
117 silly audit report     {
117 silly audit report       id: 1421,
117 silly audit report       url: '',
117 silly audit report       title: 'Cross-Site Scripting',
117 silly audit report       severity: 'low',
117 silly audit report       vulnerable_versions: '16.0.0 || >=16.1.0 <16.1.2 || 16.2.0 || >=16.3.0 <16.3.3 || >=16.4.0 <16.4.2'
117 silly audit report     }
117 silly audit report   ],
117 silly audit report   'path-parse': [
117 silly audit report     {
117 silly audit report       id: 1773,
117 silly audit report       url: '',
117 silly audit report       title: 'Regular Expression Denial of Service in path-parse',
117 silly audit report       severity: 'moderate',
117 silly audit report       vulnerable_versions: '<1.0.7'
117 silly audit report     }
117 silly audit report   ],
117 silly audit report   'js-yaml': [
117 silly audit report     {
117 silly audit report       id: 16,
117 silly audit report       url: '',
117 silly audit report       title: 'Deserialization Code Execution',
117 silly audit report       severity: 'critical',
117 silly audit report       vulnerable_versions: '<  2.0.5'
117 silly audit report     },
117 silly audit report     {
117 silly audit report       id: 788,
117 silly audit report       url: '',
117 silly audit report       title: 'Denial of Service',
117 silly audit report       severity: 'moderate',
117 silly audit report       vulnerable_versions: '<3.13.0'
117 silly audit report     },
117 silly audit report     {
117 silly audit report       id: 813,
117 silly audit report       url: '',
117 silly audit report       title: 'Code Injection',
117 silly audit report       severity: 'high',
117 silly audit report       vulnerable_versions: '<3.13.1'
117 silly audit report     }
117 silly audit report   ],
117 silly audit report   semver: [
117 silly audit report     {
117 silly audit report       id: 31,
117 silly audit report       url: '',
117 silly audit report       title: 'Regular Expression Denial of Service',
117 silly audit report       severity: 'moderate',
117 silly audit report       vulnerable_versions: '<4.3.2'
117 silly audit report     }
117 silly audit report   ],
117 silly audit report   'uri-js': [
117 silly audit report     {
117 silly audit report       id: 100,
117 silly audit report       url: '',
117 silly audit report       title: 'Regular Expression Denial Of Service',
117 silly audit report       severity: 'high',
117 silly audit report       vulnerable_versions: '<=2.1.1'
117 silly audit report     }
117 silly audit report   ],
117 silly audit report   'eslint-scope': [
117 silly audit report     {
117 silly audit report       id: 673,
117 silly audit report       url: '',
117 silly audit report       title: 'Malicious Package',
117 silly audit report       severity: 'critical',
117 silly audit report       vulnerable_versions: '3.7.2'
117 silly audit report     }
117 silly audit report   ],
117 silly audit report   braces: [
117 silly audit report     {
117 silly audit report       id: 786,
117 silly audit report       url: '',
117 silly audit report       title: 'Regular Expression Denial of Service',
117 silly audit report       severity: 'low',
117 silly audit report       vulnerable_versions: '<2.3.1'
117 silly audit report     }
117 silly audit report   ],
117 silly audit report   react: [
117 silly audit report     {
117 silly audit report       id: 1347,
117 silly audit report       url: '',
117 silly audit report       title: 'Cross-Site Scripting',
117 silly audit report       severity: 'high',
117 silly audit report       vulnerable_versions: '<0.14.0'
117 silly audit report     },
117 silly audit report     {
117 silly audit report       id: 1420,
117 silly audit report       url: '',
117 silly audit report       title: 'Cross-Site Scripting',
117 silly audit report       severity: 'moderate',
117 silly audit report       vulnerable_versions: '>=0.4.0 <0.4.2 || >=0.5.0 <0.5.2'
117 silly audit report     }
117 silly audit report   ],
117 silly audit report   postcss: [
117 silly audit report     {
117 silly audit report       id: 1693,
117 silly audit report       url: '',
117 silly audit report       title: 'Regular Expression Denial of Service',
117 silly audit report       severity: 'moderate',
117 silly audit report       vulnerable_versions: '>=7.0.0 <7.0.36 || >=8.0.0 <8.2.10'
117 silly audit report     }
117 silly audit report   ],
117 silly audit report   minimatch: [
117 silly audit report     {
117 silly audit report       id: 118,
117 silly audit report       url: '',
117 silly audit report       title: 'Regular Expression Denial of Service',
117 silly audit report       severity: 'high',
117 silly audit report       vulnerable_versions: '<=3.0.1'
117 silly audit report     }
117 silly audit report   ],
117 silly audit report   debug: [
117 silly audit report     {
117 silly audit report       id: 534,
117 silly audit report       url: '',
117 silly audit report       title: 'Regular Expression Denial of Service',
117 silly audit report       severity: 'low',
117 silly audit report       vulnerable_versions: '<= 2.6.8 || >= 3.0.0 <= 3.0.1'
117 silly audit report     }
117 silly audit report   ],
117 silly audit report   minimist: [
117 silly audit report     {
117 silly audit report       id: 1179,
117 silly audit report       url: '',
117 silly audit report       title: 'Prototype Pollution',
117 silly audit report       severity: 'low',
117 silly audit report       vulnerable_versions: '<0.2.1 || >=1.0.0 <1.2.3'
117 silly audit report     }
117 silly audit report   ],
117 silly audit report   acorn: [
117 silly audit report     {
117 silly audit report       id: 1488,
117 silly audit report       url: '',
117 silly audit report       title: 'Regular Expression Denial of Service',
117 silly audit report       severity: 'moderate',
117 silly audit report       vulnerable_versions: '>=5.5.0 <5.7.4 || >=6.0.0 <6.4.1 || >=7.0.0 <7.1.1'
117 silly audit report     }
117 silly audit report   ],
117 silly audit report   next: [
117 silly audit report     {
117 silly audit report       id: 1503,
117 silly audit report       url: '',
117 silly audit report       title: 'Path Traversal',
117 silly audit report       severity: 'moderate',
117 silly audit report       vulnerable_versions: '<9.3.2'
117 silly audit report     },
117 silly audit report     {
117 silly audit report       id: 1538,
117 silly audit report       url: '',
117 silly audit report       title: 'Remote Code Execution',
117 silly audit report       severity: 'high',
117 silly audit report       vulnerable_versions: '<5.1.0'
117 silly audit report     },
117 silly audit report     {
117 silly audit report       id: 1565,
117 silly audit report       url: '',
117 silly audit report       title: 'Open Redirect',
117 silly audit report       severity: 'moderate',
117 silly audit report       vulnerable_versions: '>=9.5.0 <9.5.4'
117 silly audit report     },
117 silly audit report     {
117 silly audit report       id: 1778,
117 silly audit report       url: '',
117 silly audit report       title: 'Open Redirect in Next.js',
117 silly audit report       severity: 'moderate',
117 silly audit report       vulnerable_versions: '<11.1.0'
117 silly audit report     }
117 silly audit report   ],
117 silly audit report   'lodash.merge': [
117 silly audit report     {
117 silly audit report       id: 1066,
117 silly audit report       url: '',
117 silly audit report       title: 'Prototype Pollution',
117 silly audit report       severity: 'high',
117 silly audit report       vulnerable_versions: '<4.6.2'
117 silly audit report     },
117 silly audit report     {
117 silly audit report       id: 1067,
117 silly audit report       url: '',
117 silly audit report       title: 'Prototype Pollution',
117 silly audit report       severity: 'high',
117 silly audit report       vulnerable_versions: '<4.6.1'
117 silly audit report     }
117 silly audit report   ],
117 silly audit report   'glob-parent': [
117 silly audit report     {
117 silly audit report       id: 1751,
117 silly audit report       url: '',
117 silly audit report       title: 'Regular expression denial of service',
117 silly audit report       severity: 'moderate',
117 silly audit report       vulnerable_versions: '<5.1.2'
117 silly audit report     }
117 silly audit report   ]
117 silly audit report }
118 silly packumentCache corgi:https://bnpm.byted.org/ms cache-miss
119 silly packumentCache corgi:https://bnpm.byted.org/brace-expansion cache-miss
120 silly packumentCache corgi:https://bnpm.byted.org/react-dom cache-miss
121 silly packumentCache corgi:https://bnpm.byted.org/path-parse cache-miss
122 silly packumentCache corgi:https://bnpm.byted.org/js-yaml cache-miss
123 silly packumentCache corgi:https://bnpm.byted.org/semver cache-miss
124 silly packumentCache corgi:https://bnpm.byted.org/uri-js cache-miss
125 silly packumentCache corgi:https://bnpm.byted.org/eslint-scope cache-miss
126 silly packumentCache corgi:https://bnpm.byted.org/braces cache-miss
127 silly packumentCache corgi:https://bnpm.byted.org/react cache-miss
128 silly packumentCache corgi:https://bnpm.byted.org/postcss cache-miss
129 silly packumentCache corgi:https://bnpm.byted.org/minimatch cache-miss
130 silly packumentCache corgi:https://bnpm.byted.org/debug cache-miss
131 silly packumentCache corgi:https://bnpm.byted.org/minimist cache-miss
132 silly packumentCache corgi:https://bnpm.byted.org/acorn cache-miss
133 silly packumentCache corgi:https://bnpm.byted.org/next cache-miss
134 silly packumentCache corgi:https://bnpm.byted.org/lodash.merge cache-miss
135 silly packumentCache corgi:https://bnpm.byted.org/glob-parent cache-miss
136 http cache https://bnpm.byted.org/brace-expansion 29ms (cache hit)
137 silly packumentCache corgi:https://bnpm.byted.org/brace-expansion set size:16744 disposed:false
138 http cache https://bnpm.byted.org/ms 30ms (cache hit)
139 silly packumentCache corgi:https://bnpm.byted.org/ms set size:30176 disposed:false
140 http cache https://bnpm.byted.org/semver 29ms (cache hit)
141 silly packumentCache corgi:https://bnpm.byted.org/semver set size:98321 disposed:false
142 http cache https://bnpm.byted.org/uri-js 30ms (cache hit)
143 silly packumentCache corgi:https://bnpm.byted.org/uri-js set size:14888 disposed:false
144 http cache https://bnpm.byted.org/path-parse 30ms (cache hit)
145 silly packumentCache corgi:https://bnpm.byted.org/path-parse set size:5946 disposed:false
146 http cache https://bnpm.byted.org/js-yaml 30ms (cache hit)
147 silly packumentCache corgi:https://bnpm.byted.org/js-yaml set size:60072 disposed:false
148 http cache https://bnpm.byted.org/minimist 31ms (cache hit)
149 silly packumentCache corgi:https://bnpm.byted.org/minimist set size:29667 disposed:false
150 http cache https://bnpm.byted.org/postcss 31ms (cache hit)
151 silly packumentCache corgi:https://bnpm.byted.org/postcss set size:328124 disposed:false
152 http cache https://bnpm.byted.org/react-dom 39ms (cache hit)
153 silly packumentCache corgi:https://bnpm.byted.org/react-dom set size:3039680 disposed:false
154 http cache https://bnpm.byted.org/debug 67ms (cache hit)
155 silly packumentCache corgi:https://bnpm.byted.org/debug set size:77426 disposed:false
156 http cache https://bnpm.byted.org/minimatch 68ms (cache hit)
157 silly packumentCache corgi:https://bnpm.byted.org/minimatch set size:145904 disposed:false
158 http cache https://bnpm.byted.org/react 73ms (cache hit)
159 silly packumentCache corgi:https://bnpm.byted.org/react set size:2810024 disposed:false
160 http cache https://bnpm.byted.org/braces 117ms (cache hit)
161 silly packumentCache corgi:https://bnpm.byted.org/braces set size:36538 disposed:false
162 http cache https://bnpm.byted.org/eslint-scope 117ms (cache hit)
163 silly packumentCache corgi:https://bnpm.byted.org/eslint-scope set size:41311 disposed:false
164 http cache https://bnpm.byted.org/next 135ms (cache hit)
165 silly packumentCache corgi:https://bnpm.byted.org/next set size:23596714 disposed:false
166 http cache https://bnpm.byted.org/lodash.merge 513ms (cache hit)
167 silly packumentCache corgi:https://bnpm.byted.org/lodash.merge set size:26669 disposed:false
168 http cache https://bnpm.byted.org/glob-parent 514ms (cache hit)
169 silly packumentCache corgi:https://bnpm.byted.org/glob-parent set size:18375 disposed:false
170 http cache https://bnpm.byted.org/acorn 515ms (cache hit)
171 silly packumentCache corgi:https://bnpm.byted.org/acorn set size:140995 disposed:false
172 http fetch GET 200 https://bnpm.byted.org/clsx/-/clsx-2.1.1.tgz 786ms (cache miss)
173 http fetch GET 200 https://bnpm.byted.org/@iconify/types/-/types-2.0.0.tgz 788ms (cache miss)
174 http fetch GET 200 https://bnpm.byted.org/@iconify/react/-/react-6.0.2.tgz 1025ms (cache miss)
175 http fetch GET 200 https://bnpm.byted.org/tailwind-merge/-/tailwind-merge-3.4.0.tgz 1128ms (cache miss)
176 silly ADD node_modules/@iconify/types
177 silly ADD node_modules/tailwind-merge
178 silly ADD node_modules/clsx
179 silly ADD node_modules/@iconify/react
180 silly ADD node_modules/fsevents
181 silly ADD
182 silly ADD
183 silly ADD
184 silly ADD
185 silly ADD
186 silly ADD
187 silly ADD
188 silly ADD
189 silly ADD
190 silly ADD
191 silly ADD
192 silly ADD
193 silly ADD
194 silly ADD
195 silly ADD
196 silly ADD
197 silly ADD
198 silly ADD
199 silly ADD
200 silly ADD
201 silly ADD
202 silly ADD
203 silly ADD
204 silly ADD
205 silly ADD
206 silly ADD
207 silly ADD
208 silly ADD
209 silly ADD
210 silly ADD
211 silly ADD
212 verbose cwd /Users/bytedance/code/pc_web/career_word
213 verbose os Darwin 23.6.0
214 verbose node v22.19.0
215 verbose npm  v10.9.3
216 verbose exit 0
217 info ok
