0 verbose cli /usr/local/bin/node /usr/local/bin/npm
1 info using npm@10.9.3
2 info using node@v22.19.0
3 silly config load:file:/usr/local/lib/node_modules/npm/npmrc
4 silly config load:file:/Users/bytedance/code/pc_web/career_word/.npmrc
5 silly config load:file:/Users/bytedance/.npmrc
6 silly config load:file:/usr/local/etc/npmrc
7 verbose title npm install
8 verbose argv "install"
9 verbose logfile logs-max:10 dir:/Users/bytedance/code/pc_web/career_word/.npm-cache/_logs/2026-01-25T15_08_33_517Z-
10 verbose logfile /Users/bytedance/code/pc_web/career_word/.npm-cache/_logs/2026-01-25T15_08_33_517Z-debug-0.log
11 silly logfile start cleaning logs, removing 1 files
12 silly packumentCache heap:4345298944 maxSize:1086324736 maxEntrySize:543162368
13 silly logfile done cleaning log files
14 silly idealTree buildDeps
15 silly reify moves {}
16 silly audit bulk request {
16 silly audit   '@alloc/quick-lru': [ '5.2.0' ],
16 silly audit   '@emnapi/core': [ '1.8.1' ],
16 silly audit   '@emnapi/runtime': [ '1.8.1' ],
16 silly audit   '@emnapi/wasi-threads': [ '1.1.0' ],
16 silly audit   '@eslint-community/eslint-utils': [ '4.9.1' ],
16 silly audit   '@eslint-community/regexpp': [ '4.12.2' ],
16 silly audit   '@eslint/eslintrc': [ '2.1.4' ],
16 silly audit   '@eslint/js': [ '8.57.1' ],
16 silly audit   '@humanwhocodes/config-array': [ '0.13.0' ],
16 silly audit   '@humanwhocodes/module-importer': [ '1.0.1' ],
16 silly audit   '@humanwhocodes/object-schema': [ '2.0.3' ],
16 silly audit   '@iconify/react': [ '6.0.2' ],
16 silly audit   '@iconify/types': [ '2.0.0' ],
16 silly audit   '@isaacs/cliui': [ '8.0.2' ],
16 silly audit   'ansi-regex': [ '6.2.2', '5.0.1' ],
16 silly audit   'strip-ansi': [ '7.1.2', '6.0.1' ],
16 silly audit   '@jridgewell/gen-mapping': [ '0.3.13' ],
16 silly audit   '@jridgewell/resolve-uri': [ '3.1.2' ],
16 silly audit   '@jridgewell/sourcemap-codec': [ '1.5.5' ],
16 silly audit   '@jridgewell/trace-mapping': [ '0.3.31' ],
16 silly audit   '@napi-rs/wasm-runtime': [ '0.2.12' ],
16 silly audit   '@next/env': [ '14.2.35' ],
16 silly audit   '@next/eslint-plugin-next': [ '14.2.35' ],
16 silly audit   '@next/swc-darwin-arm64': [ '14.2.33' ],
16 silly audit   '@next/swc-darwin-x64': [ '14.2.33' ],
16 silly audit   '@next/swc-linux-arm64-gnu': [ '14.2.33' ],
16 silly audit   '@next/swc-linux-arm64-musl': [ '14.2.33' ],
16 silly audit   '@next/swc-linux-x64-gnu': [ '14.2.33' ],
16 silly audit   '@next/swc-linux-x64-musl': [ '14.2.33' ],
16 silly audit   '@next/swc-win32-arm64-msvc': [ '14.2.33' ],
16 silly audit   '@next/swc-win32-ia32-msvc': [ '14.2.33' ],
16 silly audit   '@next/swc-win32-x64-msvc': [ '14.2.33' ],
16 silly audit   '@nodelib/fs.scandir': [ '2.1.5' ],
16 silly audit   '@nodelib/fs.stat': [ '2.0.5' ],
16 silly audit   '@nodelib/fs.walk': [ '1.2.8' ],
16 silly audit   '@nolyfill/is-core-module': [ '1.0.39' ],
16 silly audit   '@pkgjs/parseargs': [ '0.11.0' ],
16 silly audit   '@rtsao/scc': [ '1.1.0' ],
16 silly audit   '@rushstack/eslint-patch': [ '1.15.0' ],
16 silly audit   '@swc/counter': [ '0.1.3' ],
16 silly audit   '@swc/helpers': [ '0.5.5' ],
16 silly audit   '@tybys/wasm-util': [ '0.10.1' ],
16 silly audit   '@types/json5': [ '0.0.29' ],
16 silly audit   '@types/node': [ '20.19.30' ],
16 silly audit   '@types/prop-types': [ '15.7.15' ],
16 silly audit   '@types/react': [ '18.3.27' ],
16 silly audit   '@types/react-dom': [ '18.3.7' ],
16 silly audit   '@typescript-eslint/eslint-plugin': [ '8.53.1' ],
16 silly audit   ignore: [ '7.0.5', '5.3.2' ],
16 silly audit   '@typescript-eslint/parser': [ '8.53.1' ],
16 silly audit   '@typescript-eslint/project-service': [ '8.53.1' ],
16 silly audit   '@typescript-eslint/scope-manager': [ '8.53.1' ],
16 silly audit   '@typescript-eslint/tsconfig-utils': [ '8.53.1' ],
16 silly audit   '@typescript-eslint/type-utils': [ '8.53.1' ],
16 silly audit   '@typescript-eslint/types': [ '8.53.1' ],
16 silly audit   '@typescript-eslint/typescript-estree': [ '8.53.1' ],
16 silly audit   'brace-expansion': [ '2.0.2', '1.1.12' ],
16 silly audit   minimatch: [ '9.0.5', '3.1.2' ],
16 silly audit   '@typescript-eslint/utils': [ '8.53.1' ],
16 silly audit   '@typescript-eslint/visitor-keys': [ '8.53.1' ],
16 silly audit   'eslint-visitor-keys': [ '4.2.1', '3.4.3' ],
16 silly audit   '@ungap/structured-clone': [ '1.3.0' ],
16 silly audit   '@unrs/resolver-binding-android-arm-eabi': [ '1.11.1' ],
16 silly audit   '@unrs/resolver-binding-android-arm64': [ '1.11.1' ],
16 silly audit   '@unrs/resolver-binding-darwin-arm64': [ '1.11.1' ],
16 silly audit   '@unrs/resolver-binding-darwin-x64': [ '1.11.1' ],
16 silly audit   '@unrs/resolver-binding-freebsd-x64': [ '1.11.1' ],
16 silly audit   '@unrs/resolver-binding-linux-arm-gnueabihf': [ '1.11.1' ],
16 silly audit   '@unrs/resolver-binding-linux-arm-musleabihf': [ '1.11.1' ],
16 silly audit   '@unrs/resolver-binding-linux-arm64-gnu': [ '1.11.1' ],
16 silly audit   '@unrs/resolver-binding-linux-arm64-musl': [ '1.11.1' ],
16 silly audit   '@unrs/resolver-binding-linux-ppc64-gnu': [ '1.11.1' ],
16 silly audit   '@unrs/resolver-binding-linux-riscv64-gnu': [ '1.11.1' ],
16 silly audit   '@unrs/resolver-binding-linux-riscv64-musl': [ '1.11.1' ],
16 silly audit   '@unrs/resolver-binding-linux-s390x-gnu': [ '1.11.1' ],
16 silly audit   '@unrs/resolver-binding-linux-x64-gnu': [ '1.11.1' ],
16 silly audit   '@unrs/resolver-binding-linux-x64-musl': [ '1.11.1' ],
16 silly audit   '@unrs/resolver-binding-wasm32-wasi': [ '1.11.1' ],
16 silly audit   '@unrs/resolver-binding-win32-arm64-msvc': [ '1.11.1' ],
16 silly audit   '@unrs/resolver-binding-win32-ia32-msvc': [ '1.11.1' ],
16 silly audit   '@unrs/resolver-binding-win32-x64-msvc': [ '1.11.1' ],
16 silly audit   acorn: [ '8.15.0' ],
16 silly audit   'acorn-jsx': [ '5.3.2' ],
16 silly audit   ajv: [ '6.12.6' ],
16 silly audit   'ansi-styles': [ '4.3.0', '6.2.3' ],
16 silly audit   'any-promise': [ '1.3.0' ],
16 silly audit   anymatch: [ '3.1.3' ],
16 silly audit   arg: [ '5.0.2' ],
16 silly audit   argparse: [ '2.0.1' ],
16 silly audit   'aria-query': [ '5.3.2' ],
16 silly audit   'array-buffer-byte-length': [ '1.0.2' ],
16 silly audit   'array-includes': [ '3.1.9' ],
16 silly audit   'array.prototype.findlast': [ '1.2.5' ],
16 silly audit   'array.prototype.findlastindex': [ '1.2.6' ],
16 silly audit   'array.prototype.flat': [ '1.3.3' ],
16 silly audit   'array.prototype.flatmap': [ '1.3.3' ],
16 silly audit   'array.prototype.tosorted': [ '1.1.4' ],
16 silly audit   'arraybuffer.prototype.slice': [ '1.0.4' ],
16 silly audit   'ast-types-flow': [ '0.0.8' ],
16 silly audit   'async-function': [ '1.0.0' ],
16 silly audit   'available-typed-arrays': [ '1.0.7' ],
16 silly audit   'axe-core': [ '4.11.1' ],
16 silly audit   'axobject-query': [ '4.1.0' ],
16 silly audit   'balanced-match': [ '1.0.2' ],
16 silly audit   'binary-extensions': [ '2.3.0' ],
16 silly audit   braces: [ '3.0.3' ],
16 silly audit   busboy: [ '1.6.0' ],
16 silly audit   'call-bind': [ '1.0.8' ],
16 silly audit   'call-bind-apply-helpers': [ '1.0.2' ],
16 silly audit   'call-bound': [ '1.0.4' ],
16 silly audit   callsites: [ '3.1.0' ],
16 silly audit   'camelcase-css': [ '2.0.1' ],
16 silly audit   'caniuse-lite': [ '1.0.30001765' ],
16 silly audit   chalk: [ '4.1.2' ],
16 silly audit   chokidar: [ '3.6.0' ],
16 silly audit   'glob-parent': [ '5.1.2', '6.0.2' ],
16 silly audit   'client-only': [ '0.0.1' ],
16 silly audit   clsx: [ '2.1.1' ],
16 silly audit   'color-convert': [ '2.0.1' ],
16 silly audit   'color-name': [ '1.1.4' ],
16 silly audit   commander: [ '4.1.1' ],
16 silly audit   'concat-map': [ '0.0.1' ],
16 silly audit   'cross-spawn': [ '7.0.6' ],
16 silly audit   cssesc: [ '3.0.0' ],
16 silly audit   csstype: [ '3.2.3' ],
16 silly audit   'damerau-levenshtein': [ '1.0.8' ],
16 silly audit   'data-view-buffer': [ '1.0.2' ],
16 silly audit   'data-view-byte-length': [ '1.0.2' ],
16 silly audit   'data-view-byte-offset': [ '1.0.1' ],
16 silly audit   debug: [ '4.4.3', '3.2.7' ],
16 silly audit   'deep-is': [ '0.1.4' ],
16 silly audit   'define-data-property': [ '1.1.4' ],
16 silly audit   'define-properties': [ '1.2.1' ],
16 silly audit   didyoumean: [ '1.2.2' ],
16 silly audit   dlv: [ '1.1.3' ],
16 silly audit   doctrine: [ '3.0.0', '2.1.0' ],
16 silly audit   'dunder-proto': [ '1.0.1' ],
16 silly audit   eastasianwidth: [ '0.2.0' ],
16 silly audit   'emoji-regex': [ '9.2.2', '8.0.0' ],
16 silly audit   'es-abstract': [ '1.24.1' ],
16 silly audit   'es-define-property': [ '1.0.1' ],
16 silly audit   'es-errors': [ '1.3.0' ],
16 silly audit   'es-iterator-helpers': [ '1.2.2' ],
16 silly audit   'es-object-atoms': [ '1.1.1' ],
16 silly audit   'es-set-tostringtag': [ '2.1.0' ],
16 silly audit   'es-shim-unscopables': [ '1.1.0' ],
16 silly audit   'es-to-primitive': [ '1.3.0' ],
16 silly audit   'escape-string-regexp': [ '4.0.0' ],
16 silly audit   eslint: [ '8.57.1' ],
16 silly audit   'eslint-config-next': [ '14.2.35' ],
16 silly audit   'eslint-import-resolver-node': [ '0.3.9' ],
16 silly audit   'eslint-import-resolver-typescript': [ '3.10.1' ],
16 silly audit   'eslint-module-utils': [ '2.12.1' ],
16 silly audit   'eslint-plugin-import': [ '2.32.0' ],
16 silly audit   semver: [ '6.3.1', '7.7.3' ],
16 silly audit   'eslint-plugin-jsx-a11y': [ '6.10.2' ],
16 silly audit   'eslint-plugin-react': [ '7.37.5' ],
16 silly audit   'eslint-plugin-react-hooks': [ '5.0.0-canary-7118f5dd7-20230705' ],
16 silly audit   resolve: [ '2.0.0-next.5', '1.22.11' ],
16 silly audit   'eslint-scope': [ '7.2.2' ],
16 silly audit   espree: [ '9.6.1' ],
16 silly audit   esquery: [ '1.7.0' ],
16 silly audit   esrecurse: [ '4.3.0' ],
16 silly audit   estraverse: [ '5.3.0' ],
16 silly audit   esutils: [ '2.0.3' ],
16 silly audit   'fast-deep-equal': [ '3.1.3' ],
16 silly audit   'fast-glob': [ '3.3.3' ],
16 silly audit   'fast-json-stable-stringify': [ '2.1.0' ],
16 silly audit   'fast-levenshtein': [ '2.0.6' ],
16 silly audit   fastq: [ '1.20.1' ],
16 silly audit   'file-entry-cache': [ '6.0.1' ],
16 silly audit   'fill-range': [ '7.1.1' ],
16 silly audit   'find-up': [ '5.0.0' ],
16 silly audit   'flat-cache': [ '3.2.0' ],
16 silly audit   flatted: [ '3.3.3' ],
16 silly audit   'for-each': [ '0.3.5' ],
16 silly audit   'foreground-child': [ '3.3.1' ],
16 silly audit   'fs.realpath': [ '1.0.0' ],
16 silly audit   fsevents: [ '2.3.3' ],
16 silly audit   'function-bind': [ '1.1.2' ],
16 silly audit   'function.prototype.name': [ '1.1.8' ],
16 silly audit   'functions-have-names': [ '1.2.3' ],
16 silly audit   'generator-function': [ '2.0.1' ],
16 silly audit   'get-intrinsic': [ '1.3.0' ],
16 silly audit   'get-proto': [ '1.0.1' ],
16 silly audit   'get-symbol-description': [ '1.1.0' ],
16 silly audit   'get-tsconfig': [ '4.13.0' ],
16 silly audit   glob: [ '10.3.10', '7.2.3' ],
16 silly audit   globals: [ '13.24.0' ],
16 silly audit   globalthis: [ '1.0.4' ],
16 silly audit   gopd: [ '1.2.0' ],
16 silly audit   'graceful-fs': [ '4.2.11' ],
16 silly audit   graphemer: [ '1.4.0' ],
16 silly audit   'has-bigints': [ '1.1.0' ],
16 silly audit   'has-flag': [ '4.0.0' ],
16 silly audit   'has-property-descriptors': [ '1.0.2' ],
16 silly audit   'has-proto': [ '1.2.0' ],
16 silly audit   'has-symbols': [ '1.1.0' ],
16 silly audit   'has-tostringtag': [ '1.0.2' ],
16 silly audit   hasown: [ '2.0.2' ],
16 silly audit   'import-fresh': [ '3.3.1' ],
16 silly audit   imurmurhash: [ '0.1.4' ],
16 silly audit   inflight: [ '1.0.6' ],
16 silly audit   inherits: [ '2.0.4' ],
16 silly audit   'internal-slot': [ '1.1.0' ],
16 silly audit   'is-array-buffer': [ '3.0.5' ],
16 silly audit   'is-async-function': [ '2.1.1' ],
16 silly audit   'is-bigint': [ '1.1.0' ],
16 silly audit   'is-binary-path': [ '2.1.0' ],
16 silly audit   'is-boolean-object': [ '1.2.2' ],
16 silly audit   'is-bun-module': [ '2.0.0' ],
16 silly audit   'is-callable': [ '1.2.7' ],
16 silly audit   'is-core-module': [ '2.16.1' ],
16 silly audit   'is-data-view': [ '1.0.2' ],
16 silly audit   'is-date-object': [ '1.1.0' ],
16 silly audit   'is-extglob': [ '2.1.1' ],
16 silly audit   'is-finalizationregistry': [ '1.1.1' ],
16 silly audit   'is-fullwidth-code-point': [ '3.0.0' ],
16 silly audit   'is-generator-function': [ '1.1.2' ],
16 silly audit   'is-glob': [ '4.0.3' ],
16 silly audit   'is-map': [ '2.0.3' ],
16 silly audit   'is-negative-zero': [ '2.0.3' ],
16 silly audit   'is-number': [ '7.0.0' ],
16 silly audit   'is-number-object': [ '1.1.1' ],
16 silly audit   'is-path-inside': [ '3.0.3' ],
16 silly audit   'is-regex': [ '1.2.1' ],
16 silly audit   'is-set': [ '2.0.3' ],
16 silly audit   'is-shared-array-buffer': [ '1.0.4' ],
16 silly audit   'is-string': [ '1.1.1' ],
16 silly audit   'is-symbol': [ '1.1.1' ],
16 silly audit   'is-typed-array': [ '1.1.15' ],
16 silly audit   'is-weakmap': [ '2.0.2' ],
16 silly audit   'is-weakref': [ '1.1.1' ],
16 silly audit   'is-weakset': [ '2.0.4' ],
16 silly audit   isarray: [ '2.0.5' ],
16 silly audit   isexe: [ '2.0.0' ],
16 silly audit   'iterator.prototype': [ '1.1.5' ],
16 silly audit   jackspeak: [ '2.3.6' ],
16 silly audit   jiti: [ '1.21.7' ],
16 silly audit   'js-tokens': [ '4.0.0' ],
16 silly audit   'js-yaml': [ '4.1.1' ],
16 silly audit   'json-buffer': [ '3.0.1' ],
16 silly audit   'json-schema-traverse': [ '0.4.1' ],
16 silly audit   'json-stable-stringify-without-jsonify': [ '1.0.1' ],
16 silly audit   json5: [ '1.0.2' ],
16 silly audit   'jsx-ast-utils': [ '3.3.5' ],
16 silly audit   keyv: [ '4.5.4' ],
16 silly audit   'language-subtag-registry': [ '0.3.23' ],
16 silly audit   'language-tags': [ '1.0.9' ],
16 silly audit   levn: [ '0.4.1' ],
16 silly audit   lilconfig: [ '3.1.3' ],
16 silly audit   'lines-and-columns': [ '1.2.4' ],
16 silly audit   'locate-path': [ '6.0.0' ],
16 silly audit   'lodash.merge': [ '4.6.2' ],
16 silly audit   'loose-envify': [ '1.4.0' ],
16 silly audit   'lru-cache': [ '10.4.3' ],
16 silly audit   'math-intrinsics': [ '1.1.0' ],
16 silly audit   merge2: [ '1.4.1' ],
16 silly audit   micromatch: [ '4.0.8' ],
16 silly audit   minimist: [ '1.2.8' ],
16 silly audit   minipass: [ '7.1.2' ],
16 silly audit   ms: [ '2.1.3' ],
16 silly audit   mz: [ '2.7.0' ],
16 silly audit   nanoid: [ '3.3.11' ],
16 silly audit   'napi-postinstall': [ '0.3.4' ],
16 silly audit   'natural-compare': [ '1.4.0' ],
16 silly audit   next: [ '14.2.35' ],
16 silly audit   postcss: [ '8.4.31', '8.5.6' ],
16 silly audit   'normalize-path': [ '3.0.0' ],
16 silly audit   'object-assign': [ '4.1.1' ],
16 silly audit   'object-hash': [ '3.0.0' ],
16 silly audit   'object-inspect': [ '1.13.4' ],
16 silly audit   'object-keys': [ '1.1.1' ],
16 silly audit   'object.assign': [ '4.1.7' ],
16 silly audit   'object.entries': [ '1.1.9' ],
16 silly audit   'object.fromentries': [ '2.0.8' ],
16 silly audit   'object.groupby': [ '1.0.3' ],
16 silly audit   'object.values': [ '1.2.1' ],
16 silly audit   once: [ '1.4.0' ],
16 silly audit   optionator: [ '0.9.4' ],
16 silly audit   'own-keys': [ '1.0.1' ],
16 silly audit   'p-limit': [ '3.1.0' ],
16 silly audit   'p-locate': [ '5.0.0' ],
16 silly audit   'parent-module': [ '1.0.1' ],
16 silly audit   'path-exists': [ '4.0.0' ],
16 silly audit   'path-is-absolute': [ '1.0.1' ],
16 silly audit   'path-key': [ '3.1.1' ],
16 silly audit   'path-parse': [ '1.0.7' ],
16 silly audit   'path-scurry': [ '1.11.1' ],
16 silly audit   picocolors: [ '1.1.1' ],
16 silly audit   picomatch: [ '2.3.1', '4.0.3' ],
16 silly audit   pify: [ '2.3.0' ],
16 silly audit   pirates: [ '4.0.7' ],
16 silly audit   'possible-typed-array-names': [ '1.1.0' ],
16 silly audit   'postcss-import': [ '15.1.0' ],
16 silly audit   'postcss-js': [ '4.1.0' ],
16 silly audit   'postcss-load-config': [ '6.0.1' ],
16 silly audit   'postcss-nested': [ '6.2.0' ],
16 silly audit   'postcss-selector-parser': [ '6.1.2' ],
16 silly audit   'postcss-value-parser': [ '4.2.0' ],
16 silly audit   'prelude-ls': [ '1.2.1' ],
16 silly audit   'prop-types': [ '15.8.1' ],
16 silly audit   punycode: [ '2.3.1' ],
16 silly audit   'queue-microtask': [ '1.2.3' ],
16 silly audit   react: [ '18.3.1' ],
16 silly audit   'react-dom': [ '18.3.1' ],
16 silly audit   'react-is': [ '16.13.1' ],
16 silly audit   'read-cache': [ '1.0.0' ],
16 silly audit   readdirp: [ '3.6.0' ],
16 silly audit   'reflect.getprototypeof': [ '1.0.10' ],
16 silly audit   'regexp.prototype.flags': [ '1.5.4' ],
16 silly audit   'resolve-from': [ '4.0.0' ],
16 silly audit   'resolve-pkg-maps': [ '1.0.0' ],
16 silly audit   reusify: [ '1.1.0' ],
16 silly audit   rimraf: [ '3.0.2' ],
16 silly audit   'run-parallel': [ '1.2.0' ],
16 silly audit   'safe-array-concat': [ '1.1.3' ],
16 silly audit   'safe-push-apply': [ '1.0.0' ],
16 silly audit   'safe-regex-test': [ '1.1.0' ],
16 silly audit   scheduler: [ '0.23.2' ],
16 silly audit   'set-function-length': [ '1.2.2' ],
16 silly audit   'set-function-name': [ '2.0.2' ],
16 silly audit   'set-proto': [ '1.0.0' ],
16 silly audit   'shebang-command': [ '2.0.0' ],
16 silly audit   'shebang-regex': [ '3.0.0' ],
16 silly audit   'side-channel': [ '1.1.0' ],
16 silly audit   'side-channel-list': [ '1.0.0' ],
16 silly audit   'side-channel-map': [ '1.0.1' ],
16 silly audit   'side-channel-weakmap': [ '1.0.2' ],
16 silly audit   'signal-exit': [ '4.1.0' ],
16 silly audit   'source-map-js': [ '1.2.1' ],
16 silly audit   'stable-hash': [ '0.0.5' ],
16 silly audit   'stop-iteration-iterator': [ '1.1.0' ],
16 silly audit   streamsearch: [ '1.1.0' ],
16 silly audit   'string-width': [ '5.1.2', '4.2.3' ],
16 silly audit   'string.prototype.includes': [ '2.0.1' ],
16 silly audit   'string.prototype.matchall': [ '4.0.12' ],
16 silly audit   'string.prototype.repeat': [ '1.0.0' ],
16 silly audit   'string.prototype.trim': [ '1.2.10' ],
16 silly audit   'string.prototype.trimend': [ '1.0.9' ],
16 silly audit   'string.prototype.trimstart': [ '1.0.8' ],
16 silly audit   'strip-bom': [ '3.0.0' ],
16 silly audit   'strip-json-comments': [ '3.1.1' ],
16 silly audit   'styled-jsx': [ '5.1.1' ],
16 silly audit   sucrase: [ '3.35.1' ],
16 silly audit   'supports-color': [ '7.2.0' ],
16 silly audit   'supports-preserve-symlinks-flag': [ '1.0.0' ],
16 silly audit   'tailwind-merge': [ '3.4.0' ],
16 silly audit   tailwindcss: [ '3.4.19' ],
16 silly audit   'text-table': [ '0.2.0' ],
16 silly audit   thenify: [ '3.3.1' ],
16 silly audit   'thenify-all': [ '1.6.0' ],
16 silly audit   tinyglobby: [ '0.2.15' ],
16 silly audit   fdir: [ '6.5.0' ],
16 silly audit   'to-regex-range': [ '5.0.1' ],
16 silly audit   'ts-api-utils': [ '2.4.0' ],
16 silly audit   'ts-interface-checker': [ '0.1.13' ],
16 silly audit   'tsconfig-paths': [ '3.15.0' ],
16 silly audit   tslib: [ '2.8.1' ],
16 silly audit   'type-check': [ '0.4.0' ],
16 silly audit   'type-fest': [ '0.20.2' ],
16 silly audit   'typed-array-buffer': [ '1.0.3' ],
16 silly audit   'typed-array-byte-length': [ '1.0.3' ],
16 silly audit   'typed-array-byte-offset': [ '1.0.4' ],
16 silly audit   'typed-array-length': [ '1.0.7' ],
16 silly audit   typescript: [ '5.9.3' ],
16 silly audit   'unbox-primitive': [ '1.1.0' ],
16 silly audit   'undici-types': [ '6.21.0' ],
16 silly audit   'unrs-resolver': [ '1.11.1' ],
16 silly audit   'uri-js': [ '4.4.1' ],
16 silly audit   'util-deprecate': [ '1.0.2' ],
16 silly audit   which: [ '2.0.2' ],
16 silly audit   'which-boxed-primitive': [ '1.1.1' ],
16 silly audit   'which-builtin-type': [ '1.2.1' ],
16 silly audit   'which-collection': [ '1.0.2' ],
16 silly audit   'which-typed-array': [ '1.1.20' ],
16 silly audit   'word-wrap': [ '1.2.5' ],
16 silly audit   'wrap-ansi': [ '8.1.0', '7.0.0' ],
16 silly audit   wrappy: [ '1.0.2' ],
16 silly audit   'yocto-queue': [ '0.1.0' ]
16 silly audit }
17 verbose reify failed optional dependency /Users/bytedance/code/pc_web/career_word/node_modules/@unrs/resolver-binding-win32-x64-msvc
18 silly reify mark deleted [
18 silly reify   '/Users/bytedance/code/pc_web/career_word/node_modules/@unrs/resolver-binding-win32-x64-msvc'
18 silly reify ]
19 verbose reify failed optional dependency /Users/bytedance/code/pc_web/career_word/node_modules/@unrs/resolver-binding-win32-ia32-msvc
20 silly reify mark deleted [
20 silly reify   '/Users/bytedance/code/pc_web/career_word/node_modules/@unrs/resolver-binding-win32-ia32-msvc'
20 silly reify ]
21 verbose reify failed optional dependency /Users/bytedance/code/pc_web/career_word/node_modules/@unrs/resolver-binding-win32-arm64-msvc
22 silly reify mark deleted [
22 silly reify   '/Users/bytedance/code/pc_web/career_word/node_modules/@unrs/resolver-binding-win32-arm64-msvc'
22 silly reify ]
23 verbose reify failed optional dependency /Users/bytedance/code/pc_web/career_word/node_modules/@unrs/resolver-binding-wasm32-wasi
24 silly reify mark deleted [
24 silly reify   '/Users/bytedance/code/pc_web/career_word/node_modules/@unrs/resolver-binding-wasm32-wasi'
24 silly reify ]
25 verbose reify failed optional dependency /Users/bytedance/code/pc_web/career_word/node_modules/@napi-rs/wasm-runtime
26 silly reify mark deleted [
26 silly reify   '/Users/bytedance/code/pc_web/career_word/node_modules/@napi-rs/wasm-runtime'
26 silly reify ]
27 verbose reify failed optional dependency /Users/bytedance/code/pc_web/career_word/node_modules/@emnapi/core
28 silly reify mark deleted [
28 silly reify   '/Users/bytedance/code/pc_web/career_word/node_modules/@emnapi/core'
28 silly reify ]
29 verbose reify failed optional dependency /Users/bytedance/code/pc_web/career_word/node_modules/@emnapi/runtime
30 silly reify mark deleted [
30 silly reify   '/Users/bytedance/code/pc_web/career_word/node_modules/@emnapi/runtime'
30 silly reify ]
31 verbose reify failed optional dependency /Users/bytedance/code/pc_web/career_word/node_modules/@tybys/wasm-util
32 silly reify mark deleted [
32 silly reify   '/Users/bytedance/code/pc_web/career_word/node_modules/@tybys/wasm-util'
32 silly reify ]
33 verbose reify failed optional dependency /Users/bytedance/code/pc_web/career_word/node_modules/@emnapi/wasi-threads
34 silly reify mark deleted [
34 silly reify   '/Users/bytedance/code/pc_web/career_word/node_modules/@emnapi/wasi-threads'
34 silly reify ]
35 verbose reify failed optional dependency /Users/bytedance/code/pc_web/career_word/node_modules/@unrs/resolver-binding-linux-x64-musl
36 silly reify mark deleted [
36 silly reify   '/Users/bytedance/code/pc_web/career_word/node_modules/@unrs/resolver-binding-linux-x64-musl'
36 silly reify ]
37 verbose reify failed optional dependency /Users/bytedance/code/pc_web/career_word/node_modules/@unrs/resolver-binding-linux-x64-gnu
38 silly reify mark deleted [
38 silly reify   '/Users/bytedance/code/pc_web/career_word/node_modules/@unrs/resolver-binding-linux-x64-gnu'
38 silly reify ]
39 verbose reify failed optional dependency /Users/bytedance/code/pc_web/career_word/node_modules/@unrs/resolver-binding-linux-s390x-gnu
40 silly reify mark deleted [
40 silly reify   '/Users/bytedance/code/pc_web/career_word/node_modules/@unrs/resolver-binding-linux-s390x-gnu'
40 silly reify ]
41 verbose reify failed optional dependency /Users/bytedance/code/pc_web/career_word/node_modules/@unrs/resolver-binding-linux-riscv64-musl
42 silly reify mark deleted [
42 silly reify   '/Users/bytedance/code/pc_web/career_word/node_modules/@unrs/resolver-binding-linux-riscv64-musl'
42 silly reify ]
43 verbose reify failed optional dependency /Users/bytedance/code/pc_web/career_word/node_modules/@unrs/resolver-binding-linux-riscv64-gnu
44 silly reify mark deleted [
44 silly reify   '/Users/bytedance/code/pc_web/career_word/node_modules/@unrs/resolver-binding-linux-riscv64-gnu'
44 silly reify ]
45 verbose reify failed optional dependency /Users/bytedance/code/pc_web/career_word/node_modules/@unrs/resolver-binding-linux-ppc64-gnu
46 silly reify mark deleted [
46 silly reify   '/Users/bytedance/code/pc_web/career_word/node_modules/@unrs/resolver-binding-linux-ppc64-gnu'
46 silly reify ]
47 verbose reify failed optional dependency /Users/bytedance/code/pc_web/career_word/node_modules/@unrs/resolver-binding-linux-arm64-musl
48 silly reify mark deleted [
48 silly reify   '/Users/bytedance/code/pc_web/career_word/node_modules/@unrs/resolver-binding-linux-arm64-musl'
48 silly reify ]
49 verbose reify failed optional dependency /Users/bytedance/code/pc_web/career_word/node_modules/@unrs/resolver-binding-linux-arm64-gnu
50 silly reify mark deleted [
50 silly reify   '/Users/bytedance/code/pc_web/career_word/node_modules/@unrs/resolver-binding-linux-arm64-gnu'
50 silly reify ]
51 verbose reify failed optional dependency /Users/bytedance/code/pc_web/career_word/node_modules/@unrs/resolver-binding-linux-arm-musleabihf
52 silly reify mark deleted [
52 silly reify   '/Users/bytedance/code/pc_web/career_word/node_modules/@unrs/resolver-binding-linux-arm-musleabihf'
52 silly reify ]
53 verbose reify failed optional dependency /Users/bytedance/code/pc_web/career_word/node_modules/@unrs/resolver-binding-linux-arm-gnueabihf
54 silly reify mark deleted [
54 silly reify   '/Users/bytedance/code/pc_web/career_word/node_modules/@unrs/resolver-binding-linux-arm-gnueabihf'
54 silly reify ]
55 verbose reify failed optional dependency /Users/bytedance/code/pc_web/career_word/node_modules/@unrs/resolver-binding-freebsd-x64
56 silly reify mark deleted [
56 silly reify   '/Users/bytedance/code/pc_web/career_word/node_modules/@unrs/resolver-binding-freebsd-x64'
56 silly reify ]
57 verbose reify failed optional dependency /Users/bytedance/code/pc_web/career_word/node_modules/@unrs/resolver-binding-darwin-x64
58 silly reify mark deleted [
58 silly reify   '/Users/bytedance/code/pc_web/career_word/node_modules/@unrs/resolver-binding-darwin-x64'
58 silly reify ]
59 verbose reify failed optional dependency /Users/bytedance/code/pc_web/career_word/node_modules/@unrs/resolver-binding-android-arm64
60 silly reify mark deleted [
60 silly reify   '/Users/bytedance/code/pc_web/career_word/node_modules/@unrs/resolver-binding-android-arm64'
60 silly reify ]
61 verbose reify failed optional dependency /Users/bytedance/code/pc_web/career_word/node_modules/@unrs/resolver-binding-android-arm-eabi
62 silly reify mark deleted [
62 silly reify   '/Users/bytedance/code/pc_web/career_word/node_modules/@unrs/resolver-binding-android-arm-eabi'
62 silly reify ]
63 verbose reify failed optional dependency /Users/bytedance/code/pc_web/career_word/node_modules/@next/swc-win32-x64-msvc
64 silly reify mark deleted [
64 silly reify   '/Users/bytedance/code/pc_web/career_word/node_modules/@next/swc-win32-x64-msvc'
64 silly reify ]
65 verbose reify failed optional dependency /Users/bytedance/code/pc_web/career_word/node_modules/@next/swc-win32-ia32-msvc
66 silly reify mark deleted [
66 silly reify   '/Users/bytedance/code/pc_web/career_word/node_modules/@next/swc-win32-ia32-msvc'
66 silly reify ]
67 verbose reify failed optional dependency /Users/bytedance/code/pc_web/career_word/node_modules/@next/swc-win32-arm64-msvc
68 silly reify mark deleted [
68 silly reify   '/Users/bytedance/code/pc_web/career_word/node_modules/@next/swc-win32-arm64-msvc'
68 silly reify ]
69 verbose reify failed optional dependency /Users/bytedance/code/pc_web/career_word/node_modules/@next/swc-linux-x64-musl
70 silly reify mark deleted [
70 silly reify   '/Users/bytedance/code/pc_web/career_word/node_modules/@next/swc-linux-x64-musl'
70 silly reify ]
71 verbose reify failed optional dependency /Users/bytedance/code/pc_web/career_word/node_modules/@next/swc-linux-x64-gnu
72 silly reify mark deleted [
72 silly reify   '/Users/bytedance/code/pc_web/career_word/node_modules/@next/swc-linux-x64-gnu'
72 silly reify ]
73 verbose reify failed optional dependency /Users/bytedance/code/pc_web/career_word/node_modules/@next/swc-linux-arm64-musl
74 silly reify mark deleted [
74 silly reify   '/Users/bytedance/code/pc_web/career_word/node_modules/@next/swc-linux-arm64-musl'
74 silly reify ]
75 verbose reify failed optional dependency /Users/bytedance/code/pc_web/career_word/node_modules/@next/swc-linux-arm64-gnu
76 silly reify mark deleted [
76 silly reify   '/Users/bytedance/code/pc_web/career_word/node_modules/@next/swc-linux-arm64-gnu'
76 silly reify ]
77 verbose reify failed optional dependency /Users/bytedance/code/pc_web/career_word/node_modules/@next/swc-darwin-x64
78 silly reify mark deleted [
78 silly reify   '/Users/bytedance/code/pc_web/career_word/node_modules/@next/swc-darwin-x64'
78 silly reify ]
79 http cache @tybys/wasm-util@https://bnpm.byted.org/@tybys/wasm-util/-/wasm-util-0.10.1.tgz 0ms (cache hit)
80 http cache @emnapi/wasi-threads@https://bnpm.byted.org/@emnapi/wasi-threads/-/wasi-threads-1.1.0.tgz 0ms (cache hit)
81 http cache @napi-rs/wasm-runtime@https://bnpm.byted.org/@napi-rs/wasm-runtime/-/wasm-runtime-0.2.12.tgz 0ms (cache hit)
82 http cache @emnapi/core@https://bnpm.byted.org/@emnapi/core/-/core-1.8.1.tgz 0ms (cache hit)
83 http cache @emnapi/runtime@https://bnpm.byted.org/@emnapi/runtime/-/runtime-1.8.1.tgz 0ms (cache hit)
84 http fetch POST 200 https://bnpm.byted.org/-/npm/v1/security/advisories/bulk 406ms
85 silly audit report {
85 silly audit report   next: [
85 silly audit report     {
85 silly audit report       id: 1503,
85 silly audit report       url: '',
85 silly audit report       title: 'Path Traversal',
85 silly audit report       severity: 'moderate',
85 silly audit report       vulnerable_versions: '<9.3.2'
85 silly audit report     },
85 silly audit report     {
85 silly audit report       id: 1538,
85 silly audit report       url: '',
85 silly audit report       title: 'Remote Code Execution',
85 silly audit report       severity: 'high',
85 silly audit report       vulnerable_versions: '<5.1.0'
85 silly audit report     },
85 silly audit report     {
85 silly audit report       id: 1565,
85 silly audit report       url: '',
85 silly audit report       title: 'Open Redirect',
85 silly audit report       severity: 'moderate',
85 silly audit report       vulnerable_versions: '>=9.5.0 <9.5.4'
85 silly audit report     },
85 silly audit report     {
85 silly audit report       id: 1778,
85 silly audit report       url: '',
85 silly audit report       title: 'Open Redirect in Next.js',
85 silly audit report       severity: 'moderate',
85 silly audit report       vulnerable_versions: '<11.1.0'
85 silly audit report     }
85 silly audit report   ],
85 silly audit report   'path-parse': [
85 silly audit report     {
85 silly audit report       id: 1773,
85 silly audit report       url: '',
85 silly audit report       title: 'Regular Expression Denial of Service in path-parse',
85 silly audit report       severity: 'moderate',
85 silly audit report       vulnerable_versions: '<1.0.7'
85 silly audit report     }
85 silly audit report   ],
85 silly audit report   semver: [
85 silly audit report     {
85 silly audit report       id: 31,
85 silly audit report       url: '',
85 silly audit report       title: 'Regular Expression Denial of Service',
85 silly audit report       severity: 'moderate',
85 silly audit report       vulnerable_versions: '<4.3.2'
85 silly audit report     }
85 silly audit report   ],
85 silly audit report   ms: [
85 silly audit report     {
85 silly audit report       id: 46,
85 silly audit report       url: '',
85 silly audit report       title: 'Regular Expression Denial of Service',
85 silly audit report       severity: 'moderate',
85 silly audit report       vulnerable_versions: '<=0.7.0'
85 silly audit report     }
85 silly audit report   ],
85 silly audit report   react: [
85 silly audit report     {
85 silly audit report       id: 1347,
85 silly audit report       url: '',
85 silly audit report       title: 'Cross-Site Scripting',
85 silly audit report       severity: 'high',
85 silly audit report       vulnerable_versions: '<0.14.0'
85 silly audit report     },
85 silly audit report     {
85 silly audit report       id: 1420,
85 silly audit report       url: '',
85 silly audit report       title: 'Cross-Site Scripting',
85 silly audit report       severity: 'moderate',
85 silly audit report       vulnerable_versions: '>=0.4.0 <0.4.2 || >=0.5.0 <0.5.2'
85 silly audit report     }
85 silly audit report   ],
85 silly audit report   'react-dom': [
85 silly audit report     {
85 silly audit report       id: 1421,
85 silly audit report       url: '',
85 silly audit report       title: 'Cross-Site Scripting',
85 silly audit report       severity: 'low',
85 silly audit report       vulnerable_versions: '16.0.0 || >=16.1.0 <16.1.2 || 16.2.0 || >=16.3.0 <16.3.3 || >=16.4.0 <16.4.2'
85 silly audit report     }
85 silly audit report   ],
85 silly audit report   'uri-js': [
85 silly audit report     {
85 silly audit report       id: 100,
85 silly audit report       url: '',
85 silly audit report       title: 'Regular Expression Denial Of Service',
85 silly audit report       severity: 'high',
85 silly audit report       vulnerable_versions: '<=2.1.1'
85 silly audit report     }
85 silly audit report   ],
85 silly audit report   minimatch: [
85 silly audit report     {
85 silly audit report       id: 118,
85 silly audit report       url: '',
85 silly audit report       title: 'Regular Expression Denial of Service',
85 silly audit report       severity: 'high',
85 silly audit report       vulnerable_versions: '<=3.0.1'
85 silly audit report     }
85 silly audit report   ],
85 silly audit report   acorn: [
85 silly audit report     {
85 silly audit report       id: 1488,
85 silly audit report       url: '',
85 silly audit report       title: 'Regular Expression Denial of Service',
85 silly audit report       severity: 'moderate',
85 silly audit report       vulnerable_versions: '>=5.5.0 <5.7.4 || >=6.0.0 <6.4.1 || >=7.0.0 <7.1.1'
85 silly audit report     }
85 silly audit report   ],
85 silly audit report   'glob-parent': [
85 silly audit report     {
85 silly audit report       id: 1751,
85 silly audit report       url: '',
85 silly audit report       title: 'Regular expression denial of service',
85 silly audit report       severity: 'moderate',
85 silly audit report       vulnerable_versions: '<5.1.2'
85 silly audit report     }
85 silly audit report   ],
85 silly audit report   braces: [
85 silly audit report     {
85 silly audit report       id: 786,
85 silly audit report       url: '',
85 silly audit report       title: 'Regular Expression Denial of Service',
85 silly audit report       severity: 'low',
85 silly audit report       vulnerable_versions: '<2.3.1'
85 silly audit report     }
85 silly audit report   ],
85 silly audit report   'lodash.merge': [
85 silly audit report     {
85 silly audit report       id: 1066,
85 silly audit report       url: '',
85 silly audit report       title: 'Prototype Pollution',
85 silly audit report       severity: 'high',
85 silly audit report       vulnerable_versions: '<4.6.2'
85 silly audit report     },
85 silly audit report     {
85 silly audit report       id: 1067,
85 silly audit report       url: '',
85 silly audit report       title: 'Prototype Pollution',
85 silly audit report       severity: 'high',
85 silly audit report       vulnerable_versions: '<4.6.1'
85 silly audit report     }
85 silly audit report   ],
85 silly audit report   minimist: [
85 silly audit report     {
85 silly audit report       id: 1179,
85 silly audit report       url: '',
85 silly audit report       title: 'Prototype Pollution',
85 silly audit report       severity: 'low',
85 silly audit report       vulnerable_versions: '<0.2.1 || >=1.0.0 <1.2.3'
85 silly audit report     }
85 silly audit report   ],
85 silly audit report   postcss: [
85 silly audit report     {
85 silly audit report       id: 1693,
85 silly audit report       url: '',
85 silly audit report       title: 'Regular Expression Denial of Service',
85 silly audit report       severity: 'moderate',
85 silly audit report       vulnerable_versions: '>=7.0.0 <7.0.36 || >=8.0.0 <8.2.10'
85 silly audit report     }
85 silly audit report   ],
85 silly audit report   'js-yaml': [
85 silly audit report     {
85 silly audit report       id: 16,
85 silly audit report       url: '',
85 silly audit report       title: 'Deserialization Code Execution',
85 silly audit report       severity: 'critical',
85 silly audit report       vulnerable_versions: '<  2.0.5'
85 silly audit report     },
85 silly audit report     {
85 silly audit report       id: 788,
85 silly audit report       url: '',
85 silly audit report       title: 'Denial of Service',
85 silly audit report       severity: 'moderate',
85 silly audit report       vulnerable_versions: '<3.13.0'
85 silly audit report     },
85 silly audit report     {
85 silly audit report       id: 813,
85 silly audit report       url: '',
85 silly audit report       title: 'Code Injection',
85 silly audit report       severity: 'high',
85 silly audit report       vulnerable_versions: '<3.13.1'
85 silly audit report     }
85 silly audit report   ],
85 silly audit report   'brace-expansion': [
85 silly audit report     {
85 silly audit report       id: 338,
85 silly audit report       url: '',
85 silly audit report       title: 'ReDoS',
85 silly audit report       severity: 'moderate',
85 silly audit report       vulnerable_versions: '<=1.1.6'
85 silly audit report     }
85 silly audit report   ],
85 silly audit report   debug: [
85 silly audit report     {
85 silly audit report       id: 534,
85 silly audit report       url: '',
85 silly audit report       title: 'Regular Expression Denial of Service',
85 silly audit report       severity: 'low',
85 silly audit report       vulnerable_versions: '<= 2.6.8 || >= 3.0.0 <= 3.0.1'
85 silly audit report     }
85 silly audit report   ],
85 silly audit report   'eslint-scope': [
85 silly audit report     {
85 silly audit report       id: 673,
85 silly audit report       url: '',
85 silly audit report       title: 'Malicious Package',
85 silly audit report       severity: 'critical',
85 silly audit report       vulnerable_versions: '3.7.2'
85 silly audit report     }
85 silly audit report   ]
85 silly audit report }
86 silly packumentCache corgi:https://bnpm.byted.org/next cache-miss
87 silly packumentCache corgi:https://bnpm.byted.org/path-parse cache-miss
88 silly packumentCache corgi:https://bnpm.byted.org/semver cache-miss
89 silly packumentCache corgi:https://bnpm.byted.org/ms cache-miss
90 silly packumentCache corgi:https://bnpm.byted.org/react cache-miss
91 silly packumentCache corgi:https://bnpm.byted.org/react-dom cache-miss
92 silly packumentCache corgi:https://bnpm.byted.org/uri-js cache-miss
93 silly packumentCache corgi:https://bnpm.byted.org/minimatch cache-miss
94 silly packumentCache corgi:https://bnpm.byted.org/acorn cache-miss
95 silly packumentCache corgi:https://bnpm.byted.org/glob-parent cache-miss
96 silly packumentCache corgi:https://bnpm.byted.org/braces cache-miss
97 silly packumentCache corgi:https://bnpm.byted.org/lodash.merge cache-miss
98 silly packumentCache corgi:https://bnpm.byted.org/minimist cache-miss
99 silly packumentCache corgi:https://bnpm.byted.org/postcss cache-miss
100 silly packumentCache corgi:https://bnpm.byted.org/js-yaml cache-miss
101 silly packumentCache corgi:https://bnpm.byted.org/brace-expansion cache-miss
102 silly packumentCache corgi:https://bnpm.byted.org/debug cache-miss
103 silly packumentCache corgi:https://bnpm.byted.org/eslint-scope cache-miss
104 http fetch GET 200 https://bnpm.byted.org/next 236ms (cache revalidated)
105 silly packumentCache corgi:https://bnpm.byted.org/next set size:23596714 disposed:false
106 http fetch GET 200 https://bnpm.byted.org/debug 595ms (cache revalidated)
107 silly packumentCache corgi:https://bnpm.byted.org/debug set size:77426 disposed:false
108 http fetch GET 200 https://bnpm.byted.org/uri-js 1015ms (cache revalidated)
109 silly packumentCache corgi:https://bnpm.byted.org/uri-js set size:14888 disposed:false
110 http fetch GET 200 https://bnpm.byted.org/braces 1015ms (cache revalidated)
111 silly packumentCache corgi:https://bnpm.byted.org/braces set size:36538 disposed:false
112 http fetch GET 200 https://bnpm.byted.org/minimatch 1017ms (cache revalidated)
113 silly packumentCache corgi:https://bnpm.byted.org/minimatch set size:145904 disposed:false
114 http fetch GET 200 https://bnpm.byted.org/react-dom 1020ms (cache revalidated)
115 silly packumentCache corgi:https://bnpm.byted.org/react-dom set size:3039680 disposed:false
116 http fetch GET 200 https://bnpm.byted.org/path-parse 1045ms (cache revalidated)
117 silly packumentCache corgi:https://bnpm.byted.org/path-parse set size:5946 disposed:false
118 http fetch GET 200 https://bnpm.byted.org/semver 1045ms (cache revalidated)
119 silly packumentCache corgi:https://bnpm.byted.org/semver set size:98321 disposed:false
120 http fetch GET 200 https://bnpm.byted.org/lodash.merge 1044ms (cache revalidated)
121 silly packumentCache corgi:https://bnpm.byted.org/lodash.merge set size:26669 disposed:false
122 http fetch GET 200 https://bnpm.byted.org/glob-parent 1046ms (cache revalidated)
123 silly packumentCache corgi:https://bnpm.byted.org/glob-parent set size:18375 disposed:false
124 http fetch GET 200 https://bnpm.byted.org/react 1049ms (cache revalidated)
125 silly packumentCache corgi:https://bnpm.byted.org/react set size:2810024 disposed:false
126 http fetch GET 200 https://bnpm.byted.org/minimist 1086ms (cache revalidated)
127 silly packumentCache corgi:https://bnpm.byted.org/minimist set size:29667 disposed:false
128 http fetch GET 200 https://bnpm.byted.org/brace-expansion 1087ms (cache revalidated)
129 silly packumentCache corgi:https://bnpm.byted.org/brace-expansion set size:16744 disposed:false
130 http fetch GET 200 https://bnpm.byted.org/eslint-scope 1087ms (cache revalidated)
131 silly packumentCache corgi:https://bnpm.byted.org/eslint-scope set size:41311 disposed:false
132 http fetch GET 200 https://bnpm.byted.org/acorn 1088ms (cache revalidated)
133 silly packumentCache corgi:https://bnpm.byted.org/acorn set size:140995 disposed:false
134 http fetch GET 200 https://bnpm.byted.org/js-yaml 1089ms (cache revalidated)
135 silly packumentCache corgi:https://bnpm.byted.org/js-yaml set size:60072 disposed:false
136 http fetch GET 200 https://bnpm.byted.org/ms 1092ms (cache revalidated)
137 silly packumentCache corgi:https://bnpm.byted.org/ms set size:30176 disposed:false
138 http fetch GET 200 https://bnpm.byted.org/postcss 1351ms (cache revalidated)
139 silly packumentCache corgi:https://bnpm.byted.org/postcss set size:328124 disposed:false
140 silly ADD
141 silly ADD
142 silly ADD
143 silly ADD
144 silly ADD
145 silly ADD
146 silly ADD
147 silly ADD
148 silly ADD
149 silly ADD
150 silly ADD
151 silly ADD
152 silly ADD
153 silly ADD
154 silly ADD
155 silly ADD
156 silly ADD
157 silly ADD
158 silly ADD
159 silly ADD
160 silly ADD
161 silly ADD
162 silly ADD
163 silly ADD
164 silly ADD
165 silly ADD
166 silly ADD
167 silly ADD
168 silly ADD
169 silly ADD
170 silly ADD
171 verbose cwd /Users/bytedance/code/pc_web/career_word
172 verbose os Darwin 23.6.0
173 verbose node v22.19.0
174 verbose npm  v10.9.3
175 verbose exit 0
176 info ok
